Determining if the pthread_create exist failed with the following output:
Change Dir: /home/anton/catkin_ws/build/mybot_control/CMakeFiles/CMakeTmp

Run Build Command:"/usr/bin/make" "cmTC_aced3/fast"
/usr/bin/make -f CMakeFiles/cmTC_aced3.dir/build.make CMakeFiles/cmTC_aced3.dir/build
make[1]: вход в каталог «/home/anton/catkin_ws/build/mybot_control/CMakeFiles/CMakeTmp»
Building C object CMakeFiles/cmTC_aced3.dir/CheckSymbolExists.c.o
/usr/bin/cc     -o CMakeFiles/cmTC_aced3.dir/CheckSymbolExists.c.o   -c /home/anton/catkin_ws/build/mybot_control/CMakeFiles/CMakeTmp/CheckSymbolExists.c
Linking C executable cmTC_aced3
/usr/bin/cmake -E cmake_link_script CMakeFiles/cmTC_aced3.dir/link.txt --verbose=1
/usr/bin/cc       CMakeFiles/cmTC_aced3.dir/CheckSymbolExists.c.o  -o cmTC_aced3 -rdynamic 
CMakeFiles/cmTC_aced3.dir/CheckSymbolExists.c.o: In function `main':
CheckSymbolExists.c:(.text+0x16): undefined reference to `pthread_create'
collect2: error: ld returned 1 exit status
CMakeFiles/cmTC_aced3.dir/build.make:97: ошибка выполнения рецепта для цели «cmTC_aced3»
make[1]: *** [cmTC_aced3] Ошибка 1
make[1]: выход из каталога «/home/anton/catkin_ws/build/mybot_control/CMakeFiles/CMakeTmp»
Makefile:126: ошибка выполнения рецепта для цели «cmTC_aced3/fast»
make: *** [cmTC_aced3/fast] Ошибка 2

File /home/anton/catkin_ws/build/mybot_control/CMakeFiles/CMakeTmp/CheckSymbolExists.c:
/* */
#include <pthread.h>

int main(int argc, char** argv)
{
  (void)argv;
#ifndef pthread_create
  return ((int*)(&pthread_create))[argc];
#else
  (void)argc;
  return 0;
#endif
}

Determining if the function pthread_create exists in the pthreads failed with the following output:
Change Dir: /home/anton/catkin_ws/build/mybot_control/CMakeFiles/CMakeTmp

Run Build Command:"/usr/bin/make" "cmTC_118db/fast"
/usr/bin/make -f CMakeFiles/cmTC_118db.dir/build.make CMakeFiles/cmTC_118db.dir/build
make[1]: вход в каталог «/home/anton/catkin_ws/build/mybot_control/CMakeFiles/CMakeTmp»
Building C object CMakeFiles/cmTC_118db.dir/CheckFunctionExists.c.o
/usr/bin/cc    -DCHECK_FUNCTION_EXISTS=pthread_create   -o CMakeFiles/cmTC_118db.dir/CheckFunctionExists.c.o   -c /usr/share/cmake-3.5/Modules/CheckFunctionExists.c
Linking C executable cmTC_118db
/usr/bin/cmake -E cmake_link_script CMakeFiles/cmTC_118db.dir/link.txt --verbose=1
/usr/bin/cc   -DCHECK_FUNCTION_EXISTS=pthread_create    CMakeFiles/cmTC_118db.dir/CheckFunctionExists.c.o  -o cmTC_118db -rdynamic -lpthreads 
/usr/bin/ld: cannot find -lpthreads
collect2: error: ld returned 1 exit status
CMakeFiles/cmTC_118db.dir/build.make:97: ошибка выполнения рецепта для цели «cmTC_118db»
make[1]: *** [cmTC_118db] Ошибка 1
make[1]: выход из каталога «/home/anton/catkin_ws/build/mybot_control/CMakeFiles/CMakeTmp»
Makefile:126: ошибка выполнения рецепта для цели «cmTC_118db/fast»
make: *** [cmTC_118db/fast] Ошибка 2


