Determining if the pthread_create exist failed with the following output:
Change Dir: /home/anton/catkin_ws/build/catkin_tools_prebuild/CMakeFiles/CMakeTmp

Run Build Command:"/usr/bin/make" "cmTC_07d02/fast"
/usr/bin/make -f CMakeFiles/cmTC_07d02.dir/build.make CMakeFiles/cmTC_07d02.dir/build
make[1]: вход в каталог «/home/anton/catkin_ws/build/catkin_tools_prebuild/CMakeFiles/CMakeTmp»
Building C object CMakeFiles/cmTC_07d02.dir/CheckSymbolExists.c.o
/usr/bin/cc     -o CMakeFiles/cmTC_07d02.dir/CheckSymbolExists.c.o   -c /home/anton/catkin_ws/build/catkin_tools_prebuild/CMakeFiles/CMakeTmp/CheckSymbolExists.c
Linking C executable cmTC_07d02
/usr/bin/cmake -E cmake_link_script CMakeFiles/cmTC_07d02.dir/link.txt --verbose=1
/usr/bin/cc       CMakeFiles/cmTC_07d02.dir/CheckSymbolExists.c.o  -o cmTC_07d02 -rdynamic 
CMakeFiles/cmTC_07d02.dir/CheckSymbolExists.c.o: In function `main':
CheckSymbolExists.c:(.text+0x16): undefined reference to `pthread_create'
collect2: error: ld returned 1 exit status
CMakeFiles/cmTC_07d02.dir/build.make:97: ошибка выполнения рецепта для цели «cmTC_07d02»
make[1]: *** [cmTC_07d02] Ошибка 1
make[1]: выход из каталога «/home/anton/catkin_ws/build/catkin_tools_prebuild/CMakeFiles/CMakeTmp»
Makefile:126: ошибка выполнения рецепта для цели «cmTC_07d02/fast»
make: *** [cmTC_07d02/fast] Ошибка 2

File /home/anton/catkin_ws/build/catkin_tools_prebuild/CMakeFiles/CMakeTmp/CheckSymbolExists.c:
/* */
#include <pthread.h>

int main(int argc, char** argv)
{
  (void)argv;
#ifndef pthread_create
  return ((int*)(&pthread_create))[argc];
#else
  (void)argc;
  return 0;
#endif
}

Determining if the function pthread_create exists in the pthreads failed with the following output:
Change Dir: /home/anton/catkin_ws/build/catkin_tools_prebuild/CMakeFiles/CMakeTmp

Run Build Command:"/usr/bin/make" "cmTC_4cc80/fast"
/usr/bin/make -f CMakeFiles/cmTC_4cc80.dir/build.make CMakeFiles/cmTC_4cc80.dir/build
make[1]: вход в каталог «/home/anton/catkin_ws/build/catkin_tools_prebuild/CMakeFiles/CMakeTmp»
Building C object CMakeFiles/cmTC_4cc80.dir/CheckFunctionExists.c.o
/usr/bin/cc    -DCHECK_FUNCTION_EXISTS=pthread_create   -o CMakeFiles/cmTC_4cc80.dir/CheckFunctionExists.c.o   -c /usr/share/cmake-3.5/Modules/CheckFunctionExists.c
Linking C executable cmTC_4cc80
/usr/bin/cmake -E cmake_link_script CMakeFiles/cmTC_4cc80.dir/link.txt --verbose=1
/usr/bin/cc   -DCHECK_FUNCTION_EXISTS=pthread_create    CMakeFiles/cmTC_4cc80.dir/CheckFunctionExists.c.o  -o cmTC_4cc80 -rdynamic -lpthreads 
/usr/bin/ld: cannot find -lpthreads
collect2: error: ld returned 1 exit status
CMakeFiles/cmTC_4cc80.dir/build.make:97: ошибка выполнения рецепта для цели «cmTC_4cc80»
make[1]: *** [cmTC_4cc80] Ошибка 1
make[1]: выход из каталога «/home/anton/catkin_ws/build/catkin_tools_prebuild/CMakeFiles/CMakeTmp»
Makefile:126: ошибка выполнения рецепта для цели «cmTC_4cc80/fast»
make: *** [cmTC_4cc80/fast] Ошибка 2


