Determining if the pthread_create exist failed with the following output:
Change Dir: /home/anton/catkin_ws/build/mybot_gazebo/CMakeFiles/CMakeTmp

Run Build Command:"/usr/bin/make" "cmTC_cb931/fast"
/usr/bin/make -f CMakeFiles/cmTC_cb931.dir/build.make CMakeFiles/cmTC_cb931.dir/build
make[1]: вход в каталог «/home/anton/catkin_ws/build/mybot_gazebo/CMakeFiles/CMakeTmp»
Building C object CMakeFiles/cmTC_cb931.dir/CheckSymbolExists.c.o
/usr/bin/cc     -o CMakeFiles/cmTC_cb931.dir/CheckSymbolExists.c.o   -c /home/anton/catkin_ws/build/mybot_gazebo/CMakeFiles/CMakeTmp/CheckSymbolExists.c
Linking C executable cmTC_cb931
/usr/bin/cmake -E cmake_link_script CMakeFiles/cmTC_cb931.dir/link.txt --verbose=1
/usr/bin/cc       CMakeFiles/cmTC_cb931.dir/CheckSymbolExists.c.o  -o cmTC_cb931 -rdynamic 
CMakeFiles/cmTC_cb931.dir/CheckSymbolExists.c.o: In function `main':
CheckSymbolExists.c:(.text+0x16): undefined reference to `pthread_create'
collect2: error: ld returned 1 exit status
CMakeFiles/cmTC_cb931.dir/build.make:97: ошибка выполнения рецепта для цели «cmTC_cb931»
make[1]: *** [cmTC_cb931] Ошибка 1
make[1]: выход из каталога «/home/anton/catkin_ws/build/mybot_gazebo/CMakeFiles/CMakeTmp»
Makefile:126: ошибка выполнения рецепта для цели «cmTC_cb931/fast»
make: *** [cmTC_cb931/fast] Ошибка 2

File /home/anton/catkin_ws/build/mybot_gazebo/CMakeFiles/CMakeTmp/CheckSymbolExists.c:
/* */
#include <pthread.h>

int main(int argc, char** argv)
{
  (void)argv;
#ifndef pthread_create
  return ((int*)(&pthread_create))[argc];
#else
  (void)argc;
  return 0;
#endif
}

Determining if the function pthread_create exists in the pthreads failed with the following output:
Change Dir: /home/anton/catkin_ws/build/mybot_gazebo/CMakeFiles/CMakeTmp

Run Build Command:"/usr/bin/make" "cmTC_06f06/fast"
/usr/bin/make -f CMakeFiles/cmTC_06f06.dir/build.make CMakeFiles/cmTC_06f06.dir/build
make[1]: вход в каталог «/home/anton/catkin_ws/build/mybot_gazebo/CMakeFiles/CMakeTmp»
Building C object CMakeFiles/cmTC_06f06.dir/CheckFunctionExists.c.o
/usr/bin/cc    -DCHECK_FUNCTION_EXISTS=pthread_create   -o CMakeFiles/cmTC_06f06.dir/CheckFunctionExists.c.o   -c /usr/share/cmake-3.5/Modules/CheckFunctionExists.c
Linking C executable cmTC_06f06
/usr/bin/cmake -E cmake_link_script CMakeFiles/cmTC_06f06.dir/link.txt --verbose=1
/usr/bin/cc   -DCHECK_FUNCTION_EXISTS=pthread_create    CMakeFiles/cmTC_06f06.dir/CheckFunctionExists.c.o  -o cmTC_06f06 -rdynamic -lpthreads 
/usr/bin/ld: cannot find -lpthreads
collect2: error: ld returned 1 exit status
CMakeFiles/cmTC_06f06.dir/build.make:97: ошибка выполнения рецепта для цели «cmTC_06f06»
make[1]: *** [cmTC_06f06] Ошибка 1
make[1]: выход из каталога «/home/anton/catkin_ws/build/mybot_gazebo/CMakeFiles/CMakeTmp»
Makefile:126: ошибка выполнения рецепта для цели «cmTC_06f06/fast»
make: *** [cmTC_06f06/fast] Ошибка 2


