Symlinking /home/anton/catkin_ws/devel/include/collvoid_msgs/collvoid_debug.h
Symlinking /home/anton/catkin_ws/devel/include/collvoid_msgs/AggregatedPoseTwist.h
Symlinking /home/anton/catkin_ws/devel/include/collvoid_msgs/PoseTwistWithCovariance.h
Symlinking /home/anton/catkin_ws/devel/include/collvoid_msgs/PoseArrayWeighted.h
Symlinking /home/anton/catkin_ws/devel/share/collvoid_msgs/cmake/collvoid_msgs-msg-extras.cmake
Symlinking /home/anton/catkin_ws/devel/share/collvoid_msgs/cmake/collvoid_msgsConfig-version.cmake
Symlinking /home/anton/catkin_ws/devel/share/collvoid_msgs/cmake/collvoid_msgsConfig.cmake
Symlinking /home/anton/catkin_ws/devel/share/collvoid_msgs/cmake/collvoid_msgs-msg-paths.cmake
Symlinking /home/anton/catkin_ws/devel/share/common-lisp/ros/collvoid_msgs/msg/PoseTwistWithCovariance.lisp
Symlinking /home/anton/catkin_ws/devel/share/common-lisp/ros/collvoid_msgs/msg/_package_PoseTwistWithCovariance.lisp
Symlinking /home/anton/catkin_ws/devel/share/common-lisp/ros/collvoid_msgs/msg/PoseArrayWeighted.lisp
Symlinking /home/anton/catkin_ws/devel/share/common-lisp/ros/collvoid_msgs/msg/collvoid_debug.lisp
Symlinking /home/anton/catkin_ws/devel/share/common-lisp/ros/collvoid_msgs/msg/_package_PoseArrayWeighted.lisp
Symlinking /home/anton/catkin_ws/devel/share/common-lisp/ros/collvoid_msgs/msg/AggregatedPoseTwist.lisp
Symlinking /home/anton/catkin_ws/devel/share/common-lisp/ros/collvoid_msgs/msg/_package.lisp
Symlinking /home/anton/catkin_ws/devel/share/common-lisp/ros/collvoid_msgs/msg/collvoid_msgs-msg.asd
Symlinking /home/anton/catkin_ws/devel/share/common-lisp/ros/collvoid_msgs/msg/_package_AggregatedPoseTwist.lisp
Symlinking /home/anton/catkin_ws/devel/share/common-lisp/ros/collvoid_msgs/msg/_package_collvoid_debug.lisp
Symlinking /home/anton/catkin_ws/devel/share/gennodejs/ros/collvoid_msgs/_index.js
Symlinking /home/anton/catkin_ws/devel/share/gennodejs/ros/collvoid_msgs/msg/_index.js
Symlinking /home/anton/catkin_ws/devel/share/gennodejs/ros/collvoid_msgs/msg/PoseArrayWeighted.js
Symlinking /home/anton/catkin_ws/devel/share/gennodejs/ros/collvoid_msgs/msg/AggregatedPoseTwist.js
Symlinking /home/anton/catkin_ws/devel/share/gennodejs/ros/collvoid_msgs/msg/collvoid_debug.js
Symlinking /home/anton/catkin_ws/devel/share/gennodejs/ros/collvoid_msgs/msg/PoseTwistWithCovariance.js
Symlinking /home/anton/catkin_ws/devel/share/roseus/ros/collvoid_msgs/manifest.l
Symlinking /home/anton/catkin_ws/devel/share/roseus/ros/collvoid_msgs/msg/PoseArrayWeighted.l
Symlinking /home/anton/catkin_ws/devel/share/roseus/ros/collvoid_msgs/msg/PoseTwistWithCovariance.l
Symlinking /home/anton/catkin_ws/devel/share/roseus/ros/collvoid_msgs/msg/collvoid_debug.l
Symlinking /home/anton/catkin_ws/devel/share/roseus/ros/collvoid_msgs/msg/AggregatedPoseTwist.l
Symlinking /home/anton/catkin_ws/devel/lib/python2.7/dist-packages/collvoid_msgs/__init__.py
Symlinking /home/anton/catkin_ws/devel/lib/python2.7/dist-packages/collvoid_msgs/msg/_PoseArrayWeighted.py
Symlinking /home/anton/catkin_ws/devel/lib/python2.7/dist-packages/collvoid_msgs/msg/_PoseTwistWithCovariance.py
Symlinking /home/anton/catkin_ws/devel/lib/python2.7/dist-packages/collvoid_msgs/msg/_AggregatedPoseTwist.py
Symlinking /home/anton/catkin_ws/devel/lib/python2.7/dist-packages/collvoid_msgs/msg/_collvoid_debug.py
Symlinking /home/anton/catkin_ws/devel/lib/python2.7/dist-packages/collvoid_msgs/msg/__init__.py
Symlinking /home/anton/catkin_ws/devel/lib/pkgconfig/collvoid_msgs.pc
