[35m[1mScanning dependencies of target nav_msgs_generate_messages_lisp[0m
[35m[1mScanning dependencies of target geometry_msgs_generate_messages_lisp[0m
[35m[1mScanning dependencies of target _collvoid_msgs_generate_messages_check_deps_PoseTwistWithCovariance[0m
[35m[1mScanning dependencies of target _collvoid_msgs_generate_messages_check_deps_collvoid_debug[0m
[  0%] Built target geometry_msgs_generate_messages_lisp
[  0%] Built target nav_msgs_generate_messages_lisp
[35m[1mScanning dependencies of target _collvoid_msgs_generate_messages_check_deps_AggregatedPoseTwist[0m
[35m[1mScanning dependencies of target _collvoid_msgs_generate_messages_check_deps_PoseArrayWeighted[0m
[  0%] Built target _collvoid_msgs_generate_messages_check_deps_PoseTwistWithCovariance
[  0%] Built target _collvoid_msgs_generate_messages_check_deps_collvoid_debug
[  0%] Built target _collvoid_msgs_generate_messages_check_deps_PoseArrayWeighted
[35m[1mScanning dependencies of target geometry_msgs_generate_messages_nodejs[0m
[35m[1mScanning dependencies of target nav_msgs_generate_messages_nodejs[0m
[  0%] Built target _collvoid_msgs_generate_messages_check_deps_AggregatedPoseTwist
[  0%] Built target geometry_msgs_generate_messages_nodejs
[  0%] Built target nav_msgs_generate_messages_nodejs
[35m[1mScanning dependencies of target nav_msgs_generate_messages_py[0m
[35m[1mScanning dependencies of target geometry_msgs_generate_messages_py[0m
[  0%] Built target nav_msgs_generate_messages_py
[35m[1mScanning dependencies of target geometry_msgs_generate_messages_cpp[0m
[35m[1mScanning dependencies of target nav_msgs_generate_messages_cpp[0m
[  0%] Built target geometry_msgs_generate_messages_py
[35m[1mScanning dependencies of target nav_msgs_generate_messages_eus[0m
[  0%] Built target geometry_msgs_generate_messages_cpp
[  0%] Built target nav_msgs_generate_messages_cpp
[  0%] Built target nav_msgs_generate_messages_eus
[35m[1mScanning dependencies of target geometry_msgs_generate_messages_eus[0m
[35m[1mScanning dependencies of target collvoid_msgs_generate_messages_nodejs[0m
[35m[1mScanning dependencies of target collvoid_msgs_generate_messages_lisp[0m
[  0%] Built target geometry_msgs_generate_messages_eus
[  4%] [34m[1mGenerating Lisp code from collvoid_msgs/collvoid_debug.msg[0m
[  9%] [34m[1mGenerating Javascript code from collvoid_msgs/collvoid_debug.msg[0m
[35m[1mScanning dependencies of target collvoid_msgs_generate_messages_py[0m
[35m[1mScanning dependencies of target collvoid_msgs_generate_messages_cpp[0m
[ 13%] [34m[1mGenerating Python from MSG collvoid_msgs/collvoid_debug[0m
[ 18%] [34m[1mGenerating C++ code from collvoid_msgs/collvoid_debug.msg[0m
[ 22%] [34m[1mGenerating Lisp code from collvoid_msgs/PoseArrayWeighted.msg[0m
[ 27%] [34m[1mGenerating Javascript code from collvoid_msgs/PoseArrayWeighted.msg[0m
[ 31%] [34m[1mGenerating Python from MSG collvoid_msgs/PoseArrayWeighted[0m
[ 36%] [34m[1mGenerating Javascript code from collvoid_msgs/AggregatedPoseTwist.msg[0m
[ 40%] [34m[1mGenerating Python from MSG collvoid_msgs/AggregatedPoseTwist[0m
[ 45%] [34m[1mGenerating Lisp code from collvoid_msgs/AggregatedPoseTwist.msg[0m
[ 50%] [34m[1mGenerating Javascript code from collvoid_msgs/PoseTwistWithCovariance.msg[0m
[ 54%] [34m[1mGenerating Lisp code from collvoid_msgs/PoseTwistWithCovariance.msg[0m
[ 59%] [34m[1mGenerating Python from MSG collvoid_msgs/PoseTwistWithCovariance[0m
[ 63%] [34m[1mGenerating C++ code from collvoid_msgs/PoseArrayWeighted.msg[0m
[ 63%] Built target collvoid_msgs_generate_messages_nodejs
[ 68%] [34m[1mGenerating C++ code from collvoid_msgs/AggregatedPoseTwist.msg[0m
[ 68%] Built target collvoid_msgs_generate_messages_lisp
[ 72%] [34m[1mGenerating Python msg __init__.py for collvoid_msgs[0m
[35m[1mScanning dependencies of target collvoid_msgs_generate_messages_eus[0m
[ 77%] [34m[1mGenerating EusLisp code from collvoid_msgs/collvoid_debug.msg[0m
[ 77%] Built target collvoid_msgs_generate_messages_py
[ 81%] [34m[1mGenerating EusLisp code from collvoid_msgs/PoseArrayWeighted.msg[0m
[ 86%] [34m[1mGenerating EusLisp code from collvoid_msgs/AggregatedPoseTwist.msg[0m
[ 90%] [34m[1mGenerating C++ code from collvoid_msgs/PoseTwistWithCovariance.msg[0m
[ 95%] [34m[1mGenerating EusLisp code from collvoid_msgs/PoseTwistWithCovariance.msg[0m
[100%] [34m[1mGenerating EusLisp manifest code for collvoid_msgs[0m
[100%] Built target collvoid_msgs_generate_messages_cpp
[100%] Built target collvoid_msgs_generate_messages_eus
[35m[1mScanning dependencies of target collvoid_msgs_generate_messages[0m
[100%] Built target collvoid_msgs_generate_messages
