Determining if the pthread_create exist failed with the following output:
Change Dir: /home/anton/catkin_ws/build/mybot_description/CMakeFiles/CMakeTmp

Run Build Command:"/usr/bin/make" "cmTC_a3e7d/fast"
/usr/bin/make -f CMakeFiles/cmTC_a3e7d.dir/build.make CMakeFiles/cmTC_a3e7d.dir/build
make[1]: вход в каталог «/home/anton/catkin_ws/build/mybot_description/CMakeFiles/CMakeTmp»
Building C object CMakeFiles/cmTC_a3e7d.dir/CheckSymbolExists.c.o
/usr/bin/cc     -o CMakeFiles/cmTC_a3e7d.dir/CheckSymbolExists.c.o   -c /home/anton/catkin_ws/build/mybot_description/CMakeFiles/CMakeTmp/CheckSymbolExists.c
Linking C executable cmTC_a3e7d
/usr/bin/cmake -E cmake_link_script CMakeFiles/cmTC_a3e7d.dir/link.txt --verbose=1
/usr/bin/cc       CMakeFiles/cmTC_a3e7d.dir/CheckSymbolExists.c.o  -o cmTC_a3e7d -rdynamic 
CMakeFiles/cmTC_a3e7d.dir/CheckSymbolExists.c.o: In function `main':
CheckSymbolExists.c:(.text+0x16): undefined reference to `pthread_create'
collect2: error: ld returned 1 exit status
CMakeFiles/cmTC_a3e7d.dir/build.make:97: ошибка выполнения рецепта для цели «cmTC_a3e7d»
make[1]: *** [cmTC_a3e7d] Ошибка 1
make[1]: выход из каталога «/home/anton/catkin_ws/build/mybot_description/CMakeFiles/CMakeTmp»
Makefile:126: ошибка выполнения рецепта для цели «cmTC_a3e7d/fast»
make: *** [cmTC_a3e7d/fast] Ошибка 2

File /home/anton/catkin_ws/build/mybot_description/CMakeFiles/CMakeTmp/CheckSymbolExists.c:
/* */
#include <pthread.h>

int main(int argc, char** argv)
{
  (void)argv;
#ifndef pthread_create
  return ((int*)(&pthread_create))[argc];
#else
  (void)argc;
  return 0;
#endif
}

Determining if the function pthread_create exists in the pthreads failed with the following output:
Change Dir: /home/anton/catkin_ws/build/mybot_description/CMakeFiles/CMakeTmp

Run Build Command:"/usr/bin/make" "cmTC_6905d/fast"
/usr/bin/make -f CMakeFiles/cmTC_6905d.dir/build.make CMakeFiles/cmTC_6905d.dir/build
make[1]: вход в каталог «/home/anton/catkin_ws/build/mybot_description/CMakeFiles/CMakeTmp»
Building C object CMakeFiles/cmTC_6905d.dir/CheckFunctionExists.c.o
/usr/bin/cc    -DCHECK_FUNCTION_EXISTS=pthread_create   -o CMakeFiles/cmTC_6905d.dir/CheckFunctionExists.c.o   -c /usr/share/cmake-3.5/Modules/CheckFunctionExists.c
Linking C executable cmTC_6905d
/usr/bin/cmake -E cmake_link_script CMakeFiles/cmTC_6905d.dir/link.txt --verbose=1
/usr/bin/cc   -DCHECK_FUNCTION_EXISTS=pthread_create    CMakeFiles/cmTC_6905d.dir/CheckFunctionExists.c.o  -o cmTC_6905d -rdynamic -lpthreads 
/usr/bin/ld: cannot find -lpthreads
collect2: error: ld returned 1 exit status
CMakeFiles/cmTC_6905d.dir/build.make:97: ошибка выполнения рецепта для цели «cmTC_6905d»
make[1]: *** [cmTC_6905d] Ошибка 1
make[1]: выход из каталога «/home/anton/catkin_ws/build/mybot_description/CMakeFiles/CMakeTmp»
Makefile:126: ошибка выполнения рецепта для цели «cmTC_6905d/fast»
make: *** [cmTC_6905d/fast] Ошибка 2


