Determining if the pthread_create exist failed with the following output:
Change Dir: /home/anton/catkin_ws/build/collvoid_simple_global_planner/CMakeFiles/CMakeTmp

Run Build Command:"/usr/bin/make" "cmTC_75c6a/fast"
/usr/bin/make -f CMakeFiles/cmTC_75c6a.dir/build.make CMakeFiles/cmTC_75c6a.dir/build
make[1]: вход в каталог «/home/anton/catkin_ws/build/collvoid_simple_global_planner/CMakeFiles/CMakeTmp»
Building C object CMakeFiles/cmTC_75c6a.dir/CheckSymbolExists.c.o
/usr/bin/cc     -o CMakeFiles/cmTC_75c6a.dir/CheckSymbolExists.c.o   -c /home/anton/catkin_ws/build/collvoid_simple_global_planner/CMakeFiles/CMakeTmp/CheckSymbolExists.c
Linking C executable cmTC_75c6a
/usr/bin/cmake -E cmake_link_script CMakeFiles/cmTC_75c6a.dir/link.txt --verbose=1
/usr/bin/cc       CMakeFiles/cmTC_75c6a.dir/CheckSymbolExists.c.o  -o cmTC_75c6a -rdynamic 
CMakeFiles/cmTC_75c6a.dir/CheckSymbolExists.c.o: In function `main':
CheckSymbolExists.c:(.text+0x16): undefined reference to `pthread_create'
collect2: error: ld returned 1 exit status
CMakeFiles/cmTC_75c6a.dir/build.make:97: ошибка выполнения рецепта для цели «cmTC_75c6a»
make[1]: *** [cmTC_75c6a] Ошибка 1
make[1]: выход из каталога «/home/anton/catkin_ws/build/collvoid_simple_global_planner/CMakeFiles/CMakeTmp»
Makefile:126: ошибка выполнения рецепта для цели «cmTC_75c6a/fast»
make: *** [cmTC_75c6a/fast] Ошибка 2

File /home/anton/catkin_ws/build/collvoid_simple_global_planner/CMakeFiles/CMakeTmp/CheckSymbolExists.c:
/* */
#include <pthread.h>

int main(int argc, char** argv)
{
  (void)argv;
#ifndef pthread_create
  return ((int*)(&pthread_create))[argc];
#else
  (void)argc;
  return 0;
#endif
}

Determining if the function pthread_create exists in the pthreads failed with the following output:
Change Dir: /home/anton/catkin_ws/build/collvoid_simple_global_planner/CMakeFiles/CMakeTmp

Run Build Command:"/usr/bin/make" "cmTC_acbeb/fast"
/usr/bin/make -f CMakeFiles/cmTC_acbeb.dir/build.make CMakeFiles/cmTC_acbeb.dir/build
make[1]: вход в каталог «/home/anton/catkin_ws/build/collvoid_simple_global_planner/CMakeFiles/CMakeTmp»
Building C object CMakeFiles/cmTC_acbeb.dir/CheckFunctionExists.c.o
/usr/bin/cc    -DCHECK_FUNCTION_EXISTS=pthread_create   -o CMakeFiles/cmTC_acbeb.dir/CheckFunctionExists.c.o   -c /usr/share/cmake-3.5/Modules/CheckFunctionExists.c
Linking C executable cmTC_acbeb
/usr/bin/cmake -E cmake_link_script CMakeFiles/cmTC_acbeb.dir/link.txt --verbose=1
/usr/bin/cc   -DCHECK_FUNCTION_EXISTS=pthread_create    CMakeFiles/cmTC_acbeb.dir/CheckFunctionExists.c.o  -o cmTC_acbeb -rdynamic -lpthreads 
/usr/bin/ld: cannot find -lpthreads
collect2: error: ld returned 1 exit status
CMakeFiles/cmTC_acbeb.dir/build.make:97: ошибка выполнения рецепта для цели «cmTC_acbeb»
make[1]: *** [cmTC_acbeb] Ошибка 1
make[1]: выход из каталога «/home/anton/catkin_ws/build/collvoid_simple_global_planner/CMakeFiles/CMakeTmp»
Makefile:126: ошибка выполнения рецепта для цели «cmTC_acbeb/fast»
make: *** [cmTC_acbeb/fast] Ошибка 2


