[01m[K/home/anton/catkin_ws/src/mybot_ws/src/mybot_control/src/coll_avoid.cpp:[m[K In member function ‘[01m[Kvoid BotControl::ScanCallback(const ConstPtr&)[m[K’:
[01m[K/home/anton/catkin_ws/src/mybot_ws/src/mybot_control/src/coll_avoid.cpp:26:3:[m[K [01;31m[Kerror: [m[K‘[01m[Kmap[m[K’ was not declared in this scope
   map <int, double> myMap;
[01;32m[K   ^[m[K
[01m[K/home/anton/catkin_ws/src/mybot_ws/src/mybot_control/src/coll_avoid.cpp:26:3:[m[K [01;36m[Knote: [m[Ksuggested alternatives:
In file included from [01m[K/usr/include/c++/5/map:61:0[m[K,
                 from [01m[K/opt/ros/kinetic/include/ros/console.h:42[m[K,
                 from [01m[K/opt/ros/kinetic/include/ros/ros.h:40[m[K,
                 from [01m[K/home/anton/catkin_ws/src/mybot_ws/src/mybot_control/src/coll_avoid.cpp:1[m[K:
[01m[K/usr/include/c++/5/bits/stl_map.h:96:11:[m[K [01;36m[Knote: [m[K  ‘[01m[Kstd::map[m[K’
     class map
[01;32m[K           ^[m[K
In file included from [01m[K/usr/include/boost/lexical_cast/detail/converter_lexical.hpp:51:0[m[K,
                 from [01m[K/usr/include/boost/lexical_cast/try_lexical_convert.hpp:34[m[K,
                 from [01m[K/usr/include/boost/lexical_cast.hpp:32[m[K,
                 from [01m[K/opt/ros/kinetic/include/ros/transport_hints.h:34[m[K,
                 from [01m[K/opt/ros/kinetic/include/ros/subscribe_options.h:33[m[K,
                 from [01m[K/opt/ros/kinetic/include/ros/node_handle.h:41[m[K,
                 from [01m[K/opt/ros/kinetic/include/ros/ros.h:45[m[K,
                 from [01m[K/home/anton/catkin_ws/src/mybot_ws/src/mybot_control/src/coll_avoid.cpp:1[m[K:
[01m[K/usr/include/boost/container/container_fwd.hpp:139:7:[m[K [01;36m[Knote: [m[K  ‘[01m[Kboost::container::map[m[K’
 class map;
[01;32m[K       ^[m[K
[01m[K/home/anton/catkin_ws/src/mybot_ws/src/mybot_control/src/coll_avoid.cpp:26:8:[m[K [01;31m[Kerror: [m[Kexpected primary-expression before ‘[01m[Kint[m[K’
   map <int, double> myMap;
[01;32m[K        ^[m[K
[01m[K/home/anton/catkin_ws/src/mybot_ws/src/mybot_control/src/coll_avoid.cpp:31:5:[m[K [01;31m[Kerror: [m[K‘[01m[KmyMap[m[K’ was not declared in this scope
     myMap.insert(pair<int,double>(i, msg->ranges[i]));
[01;32m[K     ^[m[K
[01m[K/home/anton/catkin_ws/src/mybot_ws/src/mybot_control/src/coll_avoid.cpp:31:18:[m[K [01;31m[Kerror: [m[K‘[01m[Kpair[m[K’ was not declared in this scope
     myMap.insert(pair<int,double>(i, msg->ranges[i]));
[01;32m[K                  ^[m[K
[01m[K/home/anton/catkin_ws/src/mybot_ws/src/mybot_control/src/coll_avoid.cpp:31:18:[m[K [01;36m[Knote: [m[Ksuggested alternatives:
In file included from [01m[K/usr/include/c++/5/bits/stl_algobase.h:64:0[m[K,
                 from [01m[K/usr/include/c++/5/bits/char_traits.h:39[m[K,
                 from [01m[K/usr/include/c++/5/string:40[m[K,
                 from [01m[K/opt/ros/kinetic/include/ros/platform.h:55[m[K,
                 from [01m[K/opt/ros/kinetic/include/ros/time.h:53[m[K,
                 from [01m[K/opt/ros/kinetic/include/ros/ros.h:38[m[K,
                 from [01m[K/home/anton/catkin_ws/src/mybot_ws/src/mybot_control/src/coll_avoid.cpp:1[m[K:
[01m[K/usr/include/c++/5/bits/stl_pair.h:96:12:[m[K [01;36m[Knote: [m[K  ‘[01m[Kstd::pair[m[K’
     struct pair
[01;32m[K            ^[m[K
In file included from [01m[K/usr/include/boost/mpl/iter_fold_if.hpp:23:0[m[K,
                 from [01m[K/usr/include/boost/mpl/find_if.hpp:19[m[K,
                 from [01m[K/usr/include/boost/mpl/find.hpp:17[m[K,
                 from [01m[K/usr/include/boost/mpl/aux_/contains_impl.hpp:20[m[K,
                 from [01m[K/usr/include/boost/mpl/contains.hpp:20[m[K,
                 from [01m[K/usr/include/boost/math/policies/policy.hpp:10[m[K,
                 from [01m[K/usr/include/boost/math/policies/error_handling.hpp:19[m[K,
                 from [01m[K/usr/include/boost/math/special_functions/round.hpp:14[m[K,
                 from [01m[K/opt/ros/kinetic/include/ros/time.h:58[m[K,
                 from [01m[K/opt/ros/kinetic/include/ros/ros.h:38[m[K,
                 from [01m[K/home/anton/catkin_ws/src/mybot_ws/src/mybot_control/src/coll_avoid.cpp:1[m[K:
[01m[K/usr/include/boost/mpl/pair.hpp:28:8:[m[K [01;36m[Knote: [m[K  ‘[01m[Kboost::mpl::pair[m[K’
 struct pair
[01;32m[K        ^[m[K
[01m[K/home/anton/catkin_ws/src/mybot_ws/src/mybot_control/src/coll_avoid.cpp:31:23:[m[K [01;31m[Kerror: [m[Kexpected primary-expression before ‘[01m[Kint[m[K’
     myMap.insert(pair<int,double>(i, msg->ranges[i]));
[01;32m[K                       ^[m[K
[01m[K/home/anton/catkin_ws/src/mybot_ws/src/mybot_control/src/coll_avoid.cpp:31:27:[m[K [01;31m[Kerror: [m[Kexpected primary-expression before ‘[01m[Kdouble[m[K’
     myMap.insert(pair<int,double>(i, msg->ranges[i]));
[01;32m[K                           ^[m[K
[01m[K/home/anton/catkin_ws/src/mybot_ws/src/mybot_control/src/coll_avoid.cpp:47:13:[m[K [01;31m[Kerror: [m[K‘[01m[KmyMap[m[K’ was not declared in this scope
   else if(!(myMap.empty())){
[01;32m[K             ^[m[K
[01m[K/home/anton/catkin_ws/src/mybot_ws/src/mybot_control/src/coll_avoid.cpp:49:14:[m[K [01;31m[Kerror: [m[K‘[01m[Kit[m[K’ does not name a type
    for (auto it = myMap.begin(); it != myFirmyMapstMap.end(); ++it)///вывод на экран
[01;32m[K              ^[m[K
[01m[K/home/anton/catkin_ws/src/mybot_ws/src/mybot_control/src/coll_avoid.cpp:49:34:[m[K [01;31m[Kerror: [m[Kexpected ‘[01m[K;[m[K’ before ‘[01m[Kit[m[K’
    for (auto it = myMap.begin(); it != myFirmyMapstMap.end(); ++it)///вывод на экран
[01;32m[K                                  ^[m[K
[01m[K/home/anton/catkin_ws/src/mybot_ws/src/mybot_control/src/coll_avoid.cpp:49:34:[m[K [01;31m[Kerror: [m[K‘[01m[Kit[m[K’ was not declared in this scope
[01m[K/home/anton/catkin_ws/src/mybot_ws/src/mybot_control/src/coll_avoid.cpp:49:40:[m[K [01;31m[Kerror: [m[K‘[01m[KmyFirmyMapstMap[m[K’ was not declared in this scope
    for (auto it = myMap.begin(); it != myFirmyMapstMap.end(); ++it)///вывод на экран
[01;32m[K                                        ^[m[K
make[2]: *** [CMakeFiles/coll_avoid.dir/src/coll_avoid.cpp.o] Ошибка 1
make[1]: *** [CMakeFiles/coll_avoid.dir/all] Ошибка 2
make: *** [all] Ошибка 2
