In file included from [01m[K/opt/ros/kinetic/include/ros/ros.h:40:0[m[K,
                 from [01m[K/home/anton/catkin_ws/src/mybot_ws/src/mybot_control/src/coll_avoid.cpp:1[m[K:
[01m[K/home/anton/catkin_ws/src/mybot_ws/src/mybot_control/src/coll_avoid.cpp:[m[K In member function ‘[01m[Kvoid BotControl::ScanCallback(const ConstPtr&)[m[K’:
[01m[K/home/anton/catkin_ws/src/mybot_ws/src/mybot_control/src/coll_avoid.cpp:47:69:[m[K [01;31m[Kerror: [m[K‘[01m[Kaver[m[K’ was not declared in this scope
    ROS_INFO("x = %f, y = %f, aver = %f, sum = %f, size = %f", x, y, aver,sum, msg->ranges.size());
[01;32m[K                                                                     ^[m[K
[01m[K/opt/ros/kinetic/include/ros/console.h:346:165:[m[K [01;36m[Knote: [m[Kin definition of macro ‘[01m[KROSCONSOLE_PRINT_AT_LOCATION_WITH_FILTER[m[K’
     ::ros::console::print(filter, __rosconsole_define_location__loc.logger_, __rosconsole_define_location__loc.level_, __FILE__, __LINE__, __ROSCONSOLE_FUNCTION__, __VA_ARGS__)
[01;32m[K                                                                                                                                                                     ^[m[K
[01m[K/opt/ros/kinetic/include/ros/console.h:379:7:[m[K [01;36m[Knote: [m[Kin expansion of macro ‘[01m[KROSCONSOLE_PRINT_AT_LOCATION[m[K’
       ROSCONSOLE_PRINT_AT_LOCATION(__VA_ARGS__); \
[01;32m[K       ^[m[K
[01m[K/opt/ros/kinetic/include/ros/console.h:561:35:[m[K [01;36m[Knote: [m[Kin expansion of macro ‘[01m[KROS_LOG_COND[m[K’
 #define ROS_LOG(level, name, ...) ROS_LOG_COND(true, level, name, __VA_ARGS__)
[01;32m[K                                   ^[m[K
[01m[K/opt/ros/kinetic/include/rosconsole/macros_generated.h:110:23:[m[K [01;36m[Knote: [m[Kin expansion of macro ‘[01m[KROS_LOG[m[K’
 #define ROS_INFO(...) ROS_LOG(::ros::console::levels::Info, ROSCONSOLE_DEFAULT_NAME, __VA_ARGS__)
[01;32m[K                       ^[m[K
[01m[K/home/anton/catkin_ws/src/mybot_ws/src/mybot_control/src/coll_avoid.cpp:47:4:[m[K [01;36m[Knote: [m[Kin expansion of macro ‘[01m[KROS_INFO[m[K’
    ROS_INFO("x = %f, y = %f, aver = %f, sum = %f, size = %f", x, y, aver,sum, msg->ranges.size());
[01;32m[K    ^[m[K
[01m[K/home/anton/catkin_ws/src/mybot_ws/src/mybot_control/src/coll_avoid.cpp:47:74:[m[K [01;31m[Kerror: [m[K‘[01m[Ksum[m[K’ was not declared in this scope
    ROS_INFO("x = %f, y = %f, aver = %f, sum = %f, size = %f", x, y, aver,sum, msg->ranges.size());
[01;32m[K                                                                          ^[m[K
[01m[K/opt/ros/kinetic/include/ros/console.h:346:165:[m[K [01;36m[Knote: [m[Kin definition of macro ‘[01m[KROSCONSOLE_PRINT_AT_LOCATION_WITH_FILTER[m[K’
     ::ros::console::print(filter, __rosconsole_define_location__loc.logger_, __rosconsole_define_location__loc.level_, __FILE__, __LINE__, __ROSCONSOLE_FUNCTION__, __VA_ARGS__)
[01;32m[K                                                                                                                                                                     ^[m[K
[01m[K/opt/ros/kinetic/include/ros/console.h:379:7:[m[K [01;36m[Knote: [m[Kin expansion of macro ‘[01m[KROSCONSOLE_PRINT_AT_LOCATION[m[K’
       ROSCONSOLE_PRINT_AT_LOCATION(__VA_ARGS__); \
[01;32m[K       ^[m[K
[01m[K/opt/ros/kinetic/include/ros/console.h:561:35:[m[K [01;36m[Knote: [m[Kin expansion of macro ‘[01m[KROS_LOG_COND[m[K’
 #define ROS_LOG(level, name, ...) ROS_LOG_COND(true, level, name, __VA_ARGS__)
[01;32m[K                                   ^[m[K
[01m[K/opt/ros/kinetic/include/rosconsole/macros_generated.h:110:23:[m[K [01;36m[Knote: [m[Kin expansion of macro ‘[01m[KROS_LOG[m[K’
 #define ROS_INFO(...) ROS_LOG(::ros::console::levels::Info, ROSCONSOLE_DEFAULT_NAME, __VA_ARGS__)
[01;32m[K                       ^[m[K
[01m[K/home/anton/catkin_ws/src/mybot_ws/src/mybot_control/src/coll_avoid.cpp:47:4:[m[K [01;36m[Knote: [m[Kin expansion of macro ‘[01m[KROS_INFO[m[K’
    ROS_INFO("x = %f, y = %f, aver = %f, sum = %f, size = %f", x, y, aver,sum, msg->ranges.size());
[01;32m[K    ^[m[K
make[2]: *** [CMakeFiles/coll_avoid.dir/src/coll_avoid.cpp.o] Ошибка 1
make[1]: *** [CMakeFiles/coll_avoid.dir/all] Ошибка 2
make: *** [all] Ошибка 2
