[01m[K/home/anton/catkin_ws/src/mybot_ws/src/mybot_control/src/coll_avoid.cpp:[m[K In member function ‘[01m[Kvoid BotControl::ScanCallback(const ConstPtr&)[m[K’:
[01m[K/home/anton/catkin_ws/src/mybot_ws/src/mybot_control/src/coll_avoid.cpp:52:55:[m[K [01;31m[Kerror: [m[Kconversion from ‘[01m[Kstd::map<int, double>::iterator {aka std::_Rb_tree_iterator<std::pair<const int, double> >}[m[K’ to non-scalar type ‘[01m[Kstd::vector<double>::iterator {aka __gnu_cxx::__normal_iterator<double*, std::vector<double> >}[m[K’ requested
    for (std::vector<double>::iterator it = myMap.begin(); it != myFirmyMapstMap.end(); ++it)///вывод на экран
[01;32m[K                                                       ^[m[K
[01m[K/home/anton/catkin_ws/src/mybot_ws/src/mybot_control/src/coll_avoid.cpp:52:65:[m[K [01;31m[Kerror: [m[K‘[01m[KmyFirmyMapstMap[m[K’ was not declared in this scope
    for (std::vector<double>::iterator it = myMap.begin(); it != myFirmyMapstMap.end(); ++it)///вывод на экран
[01;32m[K                                                                 ^[m[K
[01m[K/home/anton/catkin_ws/src/mybot_ws/src/mybot_control/src/coll_avoid.cpp:54:14:[m[K [01;31m[Kerror: [m[Krequest for member ‘[01m[Kfirst[m[K’ in ‘[01m[K* it.__gnu_cxx::__normal_iterator<_Iterator, _Container>::operator-><double*, std::vector<double> >()[m[K’, which is of non-class type ‘[01m[Kdouble[m[K’
       if(it->first < 180){
[01;32m[K              ^[m[K
[01m[K/home/anton/catkin_ws/src/mybot_ws/src/mybot_control/src/coll_avoid.cpp:55:21:[m[K [01;31m[Kerror: [m[Krequest for member ‘[01m[Kfirst[m[K’ in ‘[01m[K* it.__gnu_cxx::__normal_iterator<_Iterator, _Container>::operator-><double*, std::vector<double> >()[m[K’, which is of non-class type ‘[01m[Kdouble[m[K’
        alpha -= it->first/(360*it->second);
[01;32m[K                     ^[m[K
[01m[K/home/anton/catkin_ws/src/mybot_ws/src/mybot_control/src/coll_avoid.cpp:55:36:[m[K [01;31m[Kerror: [m[Krequest for member ‘[01m[Ksecond[m[K’ in ‘[01m[K* it.__gnu_cxx::__normal_iterator<_Iterator, _Container>::operator-><double*, std::vector<double> >()[m[K’, which is of non-class type ‘[01m[Kdouble[m[K’
        alpha -= it->first/(360*it->second);
[01;32m[K                                    ^[m[K
[01m[K/home/anton/catkin_ws/src/mybot_ws/src/mybot_control/src/coll_avoid.cpp:58:28:[m[K [01;31m[Kerror: [m[Krequest for member ‘[01m[Kfirst[m[K’ in ‘[01m[K* it.__gnu_cxx::__normal_iterator<_Iterator, _Container>::operator-><double*, std::vector<double> >()[m[K’, which is of non-class type ‘[01m[Kdouble[m[K’
        alpha += (360 - it->first)/(360*it->second);
[01;32m[K                            ^[m[K
[01m[K/home/anton/catkin_ws/src/mybot_ws/src/mybot_control/src/coll_avoid.cpp:58:44:[m[K [01;31m[Kerror: [m[Krequest for member ‘[01m[Ksecond[m[K’ in ‘[01m[K* it.__gnu_cxx::__normal_iterator<_Iterator, _Container>::operator-><double*, std::vector<double> >()[m[K’, which is of non-class type ‘[01m[Kdouble[m[K’
        alpha += (360 - it->first)/(360*it->second);
[01;32m[K                                            ^[m[K
make[2]: *** [CMakeFiles/coll_avoid.dir/src/coll_avoid.cpp.o] Ошибка 1
make[1]: *** [CMakeFiles/coll_avoid.dir/all] Ошибка 2
make: *** [all] Ошибка 2
