[01m[K/home/anton/catkin_ws/src/mybot_ws/src/mybot_control/src/coll_avoid.cpp:[m[K In function ‘[01m[Kvoid ScanCallback(const ConstPtr&)[m[K’:
[01m[K/home/anton/catkin_ws/src/mybot_ws/src/mybot_control/src/coll_avoid.cpp:10:17:[m[K [01;31m[Kerror: [m[Kno match for ‘[01m[Koperator==[m[K’ (operand types are ‘[01m[Kconst _ranges_type {aka const std::vector<float>}[m[K’ and ‘[01m[Klong int[m[K’)
  if(msg->ranges == NULL){
[01;32m[K                 ^[m[K
In file included from [01m[K/usr/include/c++/5/iterator:66:0[m[K,
                 from [01m[K/usr/include/boost/detail/iterator.hpp:11[m[K,
                 from [01m[K/usr/include/boost/array.hpp:48[m[K,
                 from [01m[K/opt/ros/kinetic/include/ros/message.h:38[m[K,
                 from [01m[K/opt/ros/kinetic/include/ros/publisher.h:33[m[K,
                 from [01m[K/opt/ros/kinetic/include/ros/node_handle.h:32[m[K,
                 from [01m[K/opt/ros/kinetic/include/ros/ros.h:45[m[K,
                 from [01m[K/home/anton/catkin_ws/src/mybot_ws/src/mybot_control/src/coll_avoid.cpp:1[m[K:
[01m[K/usr/include/c++/5/bits/stream_iterator.h:130:5:[m[K [01;36m[Knote: [m[Kcandidate: template<class _Tp, class _CharT, class _Traits, class _Dist> bool std::operator==(const std::istream_iterator<_Tp, _CharT, _Traits, _Dist>&, const std::istream_iterator<_Tp, _CharT, _Traits, _Dist>&)
     operator==(const istream_iterator<_Tp, _CharT, _Traits, _Dist>& __x,
[01;32m[K     ^[m[K
[01m[K/usr/include/c++/5/bits/stream_iterator.h:130:5:[m[K [01;36m[Knote: [m[K  template argument deduction/substitution failed:
In file included from [01m[K/usr/include/_G_config.h:15:0[m[K,
                 from [01m[K/usr/include/libio.h:31[m[K,
                 from [01m[K/usr/include/stdio.h:74[m[K,
                 from [01m[K/usr/include/c++/5/cstdio:42[m[K,
                 from [01m[K/opt/ros/kinetic/include/ros/console.h:37[m[K,
                 from [01m[K/opt/ros/kinetic/include/ros/ros.h:40[m[K,
                 from [01m[K/home/anton/catkin_ws/src/mybot_ws/src/mybot_control/src/coll_avoid.cpp:1[m[K:
[01m[K/home/anton/catkin_ws/src/mybot_ws/src/mybot_control/src/coll_avoid.cpp:10:20:[m[K [01;36m[Knote: [m[K  ‘[01m[Kconst _ranges_type {aka const std::vector<float>}[m[K’ is not derived from ‘[01m[Kconst std::istream_iterator<_Tp, _CharT, _Traits, _Dist>[m[K’
  if(msg->ranges == NULL){
[01;32m[K                    ^[m[K
In file included from [01m[K/usr/include/c++/5/list:63:0[m[K,
                 from [01m[K/opt/ros/kinetic/include/ros/forwards.h:35[m[K,
                 from [01m[K/opt/ros/kinetic/include/ros/common.h:37[m[K,
                 from [01m[K/opt/ros/kinetic/include/ros/ros.h:43[m[K,
                 from [01m[K/home/anton/catkin_ws/src/mybot_ws/src/mybot_control/src/coll_avoid.cpp:1[m[K:
[01m[K/usr/include/c++/5/bits/stl_list.h:1807:5:[m[K [01;36m[Knote: [m[Kcandidate: template<class _Tp, class _Alloc> bool std::operator==(const std::__cxx11::list<_Tp, _Alloc>&, const std::__cxx11::list<_Tp, _Alloc>&)
     operator==(const list<_Tp, _Alloc>& __x, const list<_Tp, _Alloc>& __y)
[01;32m[K     ^[m[K
[01m[K/usr/include/c++/5/bits/stl_list.h:1807:5:[m[K [01;36m[Knote: [m[K  template argument deduction/substitution failed:
In file included from [01m[K/usr/include/_G_config.h:15:0[m[K,
                 from [01m[K/usr/include/libio.h:31[m[K,
                 from [01m[K/usr/include/stdio.h:74[m[K,
                 from [01m[K/usr/include/c++/5/cstdio:42[m[K,
                 from [01m[K/opt/ros/kinetic/include/ros/console.h:37[m[K,
                 from [01m[K/opt/ros/kinetic/include/ros/ros.h:40[m[K,
                 from [01m[K/home/anton/catkin_ws/src/mybot_ws/src/mybot_control/src/coll_avoid.cpp:1[m[K:
[01m[K/home/anton/catkin_ws/src/mybot_ws/src/mybot_control/src/coll_avoid.cpp:10:20:[m[K [01;36m[Knote: [m[K  ‘[01m[Kconst _ranges_type {aka const std::vector<float>}[m[K’ is not derived from ‘[01m[Kconst std::__cxx11::list<_Tp, _Alloc>[m[K’
  if(msg->ranges == NULL){
[01;32m[K                    ^[m[K
In file included from [01m[K/usr/include/c++/5/list:63:0[m[K,
                 from [01m[K/opt/ros/kinetic/include/ros/forwards.h:35[m[K,
                 from [01m[K/opt/ros/kinetic/include/ros/common.h:37[m[K,
                 from [01m[K/opt/ros/kinetic/include/ros/ros.h:43[m[K,
                 from [01m[K/home/anton/catkin_ws/src/mybot_ws/src/mybot_control/src/coll_avoid.cpp:1[m[K:
[01m[K/usr/include/c++/5/bits/stl_list.h:285:5:[m[K [01;36m[Knote: [m[Kcandidate: template<class _Val> bool std::operator==(const std::_List_iterator<_Tp>&, const std::_List_const_iterator<_Val>&)
     operator==(const _List_iterator<_Val>& __x,
[01;32m[K     ^[m[K
[01m[K/usr/include/c++/5/bits/stl_list.h:285:5:[m[K [01;36m[Knote: [m[K  template argument deduction/substitution failed:
In file included from [01m[K/usr/include/_G_config.h:15:0[m[K,
                 from [01m[K/usr/include/libio.h:31[m[K,
                 from [01m[K/usr/include/stdio.h:74[m[K,
                 from [01m[K/usr/include/c++/5/cstdio:42[m[K,
                 from [01m[K/opt/ros/kinetic/include/ros/console.h:37[m[K,
                 from [01m[K/opt/ros/kinetic/include/ros/ros.h:40[m[K,
                 from [01m[K/home/anton/catkin_ws/src/mybot_ws/src/mybot_control/src/coll_avoid.cpp:1[m[K:
[01m[K/home/anton/catkin_ws/src/mybot_ws/src/mybot_control/src/coll_avoid.cpp:10:20:[m[K [01;36m[Knote: [m[K  ‘[01m[Kconst _ranges_type {aka const std::vector<float>}[m[K’ is not derived from ‘[01m[Kconst std::_List_iterator<_Tp>[m[K’
  if(msg->ranges == NULL){
[01;32m[K                    ^[m[K
In file included from [01m[K/usr/include/c++/5/set:62:0[m[K,
                 from [01m[K/opt/ros/kinetic/include/ros/forwards.h:34[m[K,
                 from [01m[K/opt/ros/kinetic/include/ros/common.h:37[m[K,
                 from [01m[K/opt/ros/kinetic/include/ros/ros.h:43[m[K,
                 from [01m[K/home/anton/catkin_ws/src/mybot_ws/src/mybot_control/src/coll_avoid.cpp:1[m[K:
[01m[K/usr/include/c++/5/bits/stl_multiset.h:825:5:[m[K [01;36m[Knote: [m[Kcandidate: template<class _Key, class _Compare, class _Alloc> bool std::operator==(const std::multiset<_Key, _Compare, _Alloc>&, const std::multiset<_Key, _Compare, _Alloc>&)
     operator==(const multiset<_Key, _Compare, _Alloc>& __x,
[01;32m[K     ^[m[K
[01m[K/usr/include/c++/5/bits/stl_multiset.h:825:5:[m[K [01;36m[Knote: [m[K  template argument deduction/substitution failed:
In file included from [01m[K/usr/include/_G_config.h:15:0[m[K,
                 from [01m[K/usr/include/libio.h:31[m[K,
                 from [01m[K/usr/include/stdio.h:74[m[K,
                 from [01m[K/usr/include/c++/5/cstdio:42[m[K,
                 from [01m[K/opt/ros/kinetic/include/ros/console.h:37[m[K,
                 from [01m[K/opt/ros/kinetic/include/ros/ros.h:40[m[K,
                 from [01m[K/home/anton/catkin_ws/src/mybot_ws/src/mybot_control/src/coll_avoid.cpp:1[m[K:
[01m[K/home/anton/catkin_ws/src/mybot_ws/src/mybot_control/src/coll_avoid.cpp:10:20:[m[K [01;36m[Knote: [m[K  ‘[01m[Kconst _ranges_type {aka const std::vector<float>}[m[K’ is not derived from ‘[01m[Kconst std::multiset<_Key, _Compare, _Alloc>[m[K’
  if(msg->ranges == NULL){
[01;32m[K                    ^[m[K
In file included from [01m[K/usr/include/c++/5/set:61:0[m[K,
                 from [01m[K/opt/ros/kinetic/include/ros/forwards.h:34[m[K,
                 from [01m[K/opt/ros/kinetic/include/ros/common.h:37[m[K,
                 from [01m[K/opt/ros/kinetic/include/ros/ros.h:43[m[K,
                 from [01m[K/home/anton/catkin_ws/src/mybot_ws/src/mybot_control/src/coll_avoid.cpp:1[m[K:
[01m[K/usr/include/c++/5/bits/stl_set.h:842:5:[m[K [01;36m[Knote: [m[Kcandidate: template<class _Key, class _Compare, class _Alloc> bool std::operator==(const std::set<_Key, _Compare, _Alloc>&, const std::set<_Key, _Compare, _Alloc>&)
     operator==(const set<_Key, _Compare, _Alloc>& __x,
[01;32m[K     ^[m[K
[01m[K/usr/include/c++/5/bits/stl_set.h:842:5:[m[K [01;36m[Knote: [m[K  template argument deduction/substitution failed:
In file included from [01m[K/usr/include/_G_config.h:15:0[m[K,
                 from [01m[K/usr/include/libio.h:31[m[K,
                 from [01m[K/usr/include/stdio.h:74[m[K,
                 from [01m[K/usr/include/c++/5/cstdio:42[m[K,
                 from [01m[K/opt/ros/kinetic/include/ros/console.h:37[m[K,
                 from [01m[K/opt/ros/kinetic/include/ros/ros.h:40[m[K,
                 from [01m[K/home/anton/catkin_ws/src/mybot_ws/src/mybot_control/src/coll_avoid.cpp:1[m[K:
[01m[K/home/anton/catkin_ws/src/mybot_ws/src/mybot_control/src/coll_avoid.cpp:10:20:[m[K [01;36m[Knote: [m[K  ‘[01m[Kconst _ranges_type {aka const std::vector<float>}[m[K’ is not derived from ‘[01m[Kconst std::set<_Key, _Compare, _Alloc>[m[K’
  if(msg->ranges == NULL){
[01;32m[K                    ^[m[K
In file included from [01m[K/usr/include/c++/5/map:62:0[m[K,
                 from [01m[K/opt/ros/kinetic/include/ros/console.h:42[m[K,
                 from [01m[K/opt/ros/kinetic/include/ros/ros.h:40[m[K,
                 from [01m[K/home/anton/catkin_ws/src/mybot_ws/src/mybot_control/src/coll_avoid.cpp:1[m[K:
[01m[K/usr/include/c++/5/bits/stl_multimap.h:974:5:[m[K [01;36m[Knote: [m[Kcandidate: template<class _Key, class _Tp, class _Compare, class _Alloc> bool std::operator==(const std::multimap<_Key, _Tp, _Compare, _Alloc>&, const std::multimap<_Key, _Tp, _Compare, _Alloc>&)
     operator==(const multimap<_Key, _Tp, _Compare, _Alloc>& __x,
[01;32m[K     ^[m[K
[01m[K/usr/include/c++/5/bits/stl_multimap.h:974:5:[m[K [01;36m[Knote: [m[K  template argument deduction/substitution failed:
In file included from [01m[K/usr/include/_G_config.h:15:0[m[K,
                 from [01m[K/usr/include/libio.h:31[m[K,
                 from [01m[K/usr/include/stdio.h:74[m[K,
                 from [01m[K/usr/include/c++/5/cstdio:42[m[K,
                 from [01m[K/opt/ros/kinetic/include/ros/console.h:37[m[K,
                 from [01m[K/opt/ros/kinetic/include/ros/ros.h:40[m[K,
                 from [01m[K/home/anton/catkin_ws/src/mybot_ws/src/mybot_control/src/coll_avoid.cpp:1[m[K:
[01m[K/home/anton/catkin_ws/src/mybot_ws/src/mybot_control/src/coll_avoid.cpp:10:20:[m[K [01;36m[Knote: [m[K  ‘[01m[Kconst _ranges_type {aka const std::vector<float>}[m[K’ is not derived from ‘[01m[Kconst std::multimap<_Key, _Tp, _Compare, _Alloc>[m[K’
  if(msg->ranges == NULL){
[01;32m[K                    ^[m[K
In file included from [01m[K/usr/include/c++/5/map:61:0[m[K,
                 from [01m[K/opt/ros/kinetic/include/ros/console.h:42[m[K,
                 from [01m[K/opt/ros/kinetic/include/ros/ros.h:40[m[K,
                 from [01m[K/home/anton/catkin_ws/src/mybot_ws/src/mybot_control/src/coll_avoid.cpp:1[m[K:
[01m[K/usr/include/c++/5/bits/stl_map.h:1073:5:[m[K [01;36m[Knote: [m[Kcandidate: template<class _Key, class _Tp, class _Compare, class _Alloc> bool std::operator==(const std::map<_Key, _Tp, _Compare, _Alloc>&, const std::map<_Key, _Tp, _Compare, _Alloc>&)
     operator==(const map<_Key, _Tp, _Compare, _Alloc>& __x,
[01;32m[K     ^[m[K
[01m[K/usr/include/c++/5/bits/stl_map.h:1073:5:[m[K [01;36m[Knote: [m[K  template argument deduction/substitution failed:
In file included from [01m[K/usr/include/_G_config.h:15:0[m[K,
                 from [01m[K/usr/include/libio.h:31[m[K,
                 from [01m[K/usr/include/stdio.h:74[m[K,
                 from [01m[K/usr/include/c++/5/cstdio:42[m[K,
                 from [01m[K/opt/ros/kinetic/include/ros/console.h:37[m[K,
                 from [01m[K/opt/ros/kinetic/include/ros/ros.h:40[m[K,
                 from [01m[K/home/anton/catkin_ws/src/mybot_ws/src/mybot_control/src/coll_avoid.cpp:1[m[K:
[01m[K/home/anton/catkin_ws/src/mybot_ws/src/mybot_control/src/coll_avoid.cpp:10:20:[m[K [01;36m[Knote: [m[K  ‘[01m[Kconst _ranges_type {aka const std::vector<float>}[m[K’ is not derived from ‘[01m[Kconst std::map<_Key, _Tp, _Compare, _Alloc>[m[K’
  if(msg->ranges == NULL){
[01;32m[K                    ^[m[K
In file included from [01m[K/usr/include/c++/5/map:60:0[m[K,
                 from [01m[K/opt/ros/kinetic/include/ros/console.h:42[m[K,
                 from [01m[K/opt/ros/kinetic/include/ros/ros.h:40[m[K,
                 from [01m[K/home/anton/catkin_ws/src/mybot_ws/src/mybot_control/src/coll_avoid.cpp:1[m[K:
[01m[K/usr/include/c++/5/bits/stl_tree.h:1273:5:[m[K [01;36m[Knote: [m[Kcandidate: template<class _Key, class _Val, class _KeyOfValue, class _Compare, class _Alloc> bool std::operator==(const std::_Rb_tree<_Key, _Val, _KeyOfValue, _Compare, _Alloc>&, const std::_Rb_tree<_Key, _Val, _KeyOfValue, _Compare, _Alloc>&)
     operator==(const _Rb_tree<_Key, _Val, _KeyOfValue, _Compare, _Alloc>& __x,
[01;32m[K     ^[m[K
[01m[K/usr/include/c++/5/bits/stl_tree.h:1273:5:[m[K [01;36m[Knote: [m[K  template argument deduction/substitution failed:
In file included from [01m[K/usr/include/_G_config.h:15:0[m[K,
                 from [01m[K/usr/include/libio.h:31[m[K,
                 from [01m[K/usr/include/stdio.h:74[m[K,
                 from [01m[K/usr/include/c++/5/cstdio:42[m[K,
                 from [01m[K/opt/ros/kinetic/include/ros/console.h:37[m[K,
                 from [01m[K/opt/ros/kinetic/include/ros/ros.h:40[m[K,
                 from [01m[K/home/anton/catkin_ws/src/mybot_ws/src/mybot_control/src/coll_avoid.cpp:1[m[K:
[01m[K/home/anton/catkin_ws/src/mybot_ws/src/mybot_control/src/coll_avoid.cpp:10:20:[m[K [01;36m[Knote: [m[K  ‘[01m[Kconst _ranges_type {aka const std::vector<float>}[m[K’ is not derived from ‘[01m[Kconst std::_Rb_tree<_Key, _Val, _KeyOfValue, _Compare, _Alloc>[m[K’
  if(msg->ranges == NULL){
[01;32m[K                    ^[m[K
In file included from [01m[K/usr/include/c++/5/map:60:0[m[K,
                 from [01m[K/opt/ros/kinetic/include/ros/console.h:42[m[K,
                 from [01m[K/opt/ros/kinetic/include/ros/ros.h:40[m[K,
                 from [01m[K/home/anton/catkin_ws/src/mybot_ws/src/mybot_control/src/coll_avoid.cpp:1[m[K:
[01m[K/usr/include/c++/5/bits/stl_tree.h:324:5:[m[K [01;36m[Knote: [m[Kcandidate: template<class _Val> bool std::operator==(const std::_Rb_tree_iterator<_Tp>&, const std::_Rb_tree_const_iterator<_Val>&)
     operator==(const _Rb_tree_iterator<_Val>& __x,
[01;32m[K     ^[m[K
[01m[K/usr/include/c++/5/bits/stl_tree.h:324:5:[m[K [01;36m[Knote: [m[K  template argument deduction/substitution failed:
In file included from [01m[K/usr/include/_G_config.h:15:0[m[K,
                 from [01m[K/usr/include/libio.h:31[m[K,
                 from [01m[K/usr/include/stdio.h:74[m[K,
                 from [01m[K/usr/include/c++/5/cstdio:42[m[K,
                 from [01m[K/opt/ros/kinetic/include/ros/console.h:37[m[K,
                 from [01m[K/opt/ros/kinetic/include/ros/ros.h:40[m[K,
                 from [01m[K/home/anton/catkin_ws/src/mybot_ws/src/mybot_control/src/coll_avoid.cpp:1[m[K:
[01m[K/home/anton/catkin_ws/src/mybot_ws/src/mybot_control/src/coll_avoid.cpp:10:20:[m[K [01;36m[Knote: [m[K  ‘[01m[Kconst _ranges_type {aka const std::vector<float>}[m[K’ is not derived from ‘[01m[Kconst std::_Rb_tree_iterator<_Tp>[m[K’
  if(msg->ranges == NULL){
[01;32m[K                    ^[m[K
In file included from [01m[K/usr/include/c++/5/vector:64:0[m[K,
                 from [01m[K/usr/include/boost/format.hpp:17[m[K,
                 from [01m[K/usr/include/boost/math/policies/error_handling.hpp:31[m[K,
                 from [01m[K/usr/include/boost/math/special_functions/round.hpp:14[m[K,
                 from [01m[K/opt/ros/kinetic/include/ros/time.h:58[m[K,
                 from [01m[K/opt/ros/kinetic/include/ros/ros.h:38[m[K,
                 from [01m[K/home/anton/catkin_ws/src/mybot_ws/src/mybot_control/src/coll_avoid.cpp:1[m[K:
[01m[K/usr/include/c++/5/bits/stl_vector.h:1511:5:[m[K [01;36m[Knote: [m[Kcandidate: template<class _Tp, class _Alloc> bool std::operator==(const std::vector<_Tp, _Alloc>&, const std::vector<_Tp, _Alloc>&)
     operator==(const vector<_Tp, _Alloc>& __x, const vector<_Tp, _Alloc>& __y)
[01;32m[K     ^[m[K
[01m[K/usr/include/c++/5/bits/stl_vector.h:1511:5:[m[K [01;36m[Knote: [m[K  template argument deduction/substitution failed:
In file included from [01m[K/usr/include/_G_config.h:15:0[m[K,
                 from [01m[K/usr/include/libio.h:31[m[K,
                 from [01m[K/usr/include/stdio.h:74[m[K,
                 from [01m[K/usr/include/c++/5/cstdio:42[m[K,
                 from [01m[K/opt/ros/kinetic/include/ros/console.h:37[m[K,
                 from [01m[K/opt/ros/kinetic/include/ros/ros.h:40[m[K,
                 from [01m[K/home/anton/catkin_ws/src/mybot_ws/src/mybot_control/src/coll_avoid.cpp:1[m[K:
[01m[K/home/anton/catkin_ws/src/mybot_ws/src/mybot_control/src/coll_avoid.cpp:10:20:[m[K [01;36m[Knote: [m[K  mismatched types ‘[01m[Kconst std::vector<_Tp, _Alloc>[m[K’ and ‘[01m[Klong int[m[K’
  if(msg->ranges == NULL){
[01;32m[K                    ^[m[K
In file included from [01m[K/usr/include/boost/config/no_tr1/complex.hpp:21:0[m[K,
                 from [01m[K/usr/include/boost/math/policies/error_handling.hpp:15[m[K,
                 from [01m[K/usr/include/boost/math/special_functions/round.hpp:14[m[K,
                 from [01m[K/opt/ros/kinetic/include/ros/time.h:58[m[K,
                 from [01m[K/opt/ros/kinetic/include/ros/ros.h:38[m[K,
                 from [01m[K/home/anton/catkin_ws/src/mybot_ws/src/mybot_control/src/coll_avoid.cpp:1[m[K:
[01m[K/usr/include/c++/5/complex:468:5:[m[K [01;36m[Knote: [m[Kcandidate: template<class _Tp> bool std::operator==(const _Tp&, const std::complex<_Tp>&)
     operator==(const _Tp& __x, const complex<_Tp>& __y)
[01;32m[K     ^[m[K
[01m[K/usr/include/c++/5/complex:468:5:[m[K [01;36m[Knote: [m[K  template argument deduction/substitution failed:
In file included from [01m[K/usr/include/_G_config.h:15:0[m[K,
                 from [01m[K/usr/include/libio.h:31[m[K,
                 from [01m[K/usr/include/stdio.h:74[m[K,
                 from [01m[K/usr/include/c++/5/cstdio:42[m[K,
                 from [01m[K/opt/ros/kinetic/include/ros/console.h:37[m[K,
                 from [01m[K/opt/ros/kinetic/include/ros/ros.h:40[m[K,
                 from [01m[K/home/anton/catkin_ws/src/mybot_ws/src/mybot_control/src/coll_avoid.cpp:1[m[K:
[01m[K/home/anton/catkin_ws/src/mybot_ws/src/mybot_control/src/coll_avoid.cpp:10:20:[m[K [01;36m[Knote: [m[K  mismatched types ‘[01m[Kconst std::complex<_Tp>[m[K’ and ‘[01m[Klong int[m[K’
  if(msg->ranges == NULL){
[01;32m[K                    ^[m[K
In file included from [01m[K/usr/include/boost/config/no_tr1/complex.hpp:21:0[m[K,
                 from [01m[K/usr/include/boost/math/policies/error_handling.hpp:15[m[K,
                 from [01m[K/usr/include/boost/math/special_functions/round.hpp:14[m[K,
                 from [01m[K/opt/ros/kinetic/include/ros/time.h:58[m[K,
                 from [01m[K/opt/ros/kinetic/include/ros/ros.h:38[m[K,
                 from [01m[K/home/anton/catkin_ws/src/mybot_ws/src/mybot_control/src/coll_avoid.cpp:1[m[K:
[01m[K/usr/include/c++/5/complex:463:5:[m[K [01;36m[Knote: [m[Kcandidate: template<class _Tp> bool std::operator==(const std::complex<_Tp>&, const _Tp&)
     operator==(const complex<_Tp>& __x, const _Tp& __y)
[01;32m[K     ^[m[K
[01m[K/usr/include/c++/5/complex:463:5:[m[K [01;36m[Knote: [m[K  template argument deduction/substitution failed:
In file included from [01m[K/usr/include/_G_config.h:15:0[m[K,
                 from [01m[K/usr/include/libio.h:31[m[K,
                 from [01m[K/usr/include/stdio.h:74[m[K,
                 from [01m[K/usr/include/c++/5/cstdio:42[m[K,
                 from [01m[K/opt/ros/kinetic/include/ros/console.h:37[m[K,
                 from [01m[K/opt/ros/kinetic/include/ros/ros.h:40[m[K,
                 from [01m[K/home/anton/catkin_ws/src/mybot_ws/src/mybot_control/src/coll_avoid.cpp:1[m[K:
[01m[K/home/anton/catkin_ws/src/mybot_ws/src/mybot_control/src/coll_avoid.cpp:10:20:[m[K [01;36m[Knote: [m[K  ‘[01m[Kconst _ranges_type {aka const std::vector<float>}[m[K’ is not derived from ‘[01m[Kconst std::complex<_Tp>[m[K’
  if(msg->ranges == NULL){
[01;32m[K                    ^[m[K
In file included from [01m[K/usr/include/boost/config/no_tr1/complex.hpp:21:0[m[K,
                 from [01m[K/usr/include/boost/math/policies/error_handling.hpp:15[m[K,
                 from [01m[K/usr/include/boost/math/special_functions/round.hpp:14[m[K,
                 from [01m[K/opt/ros/kinetic/include/ros/time.h:58[m[K,
                 from [01m[K/opt/ros/kinetic/include/ros/ros.h:38[m[K,
                 from [01m[K/home/anton/catkin_ws/src/mybot_ws/src/mybot_control/src/coll_avoid.cpp:1[m[K:
[01m[K/usr/include/c++/5/complex:458:5:[m[K [01;36m[Knote: [m[Kcandidate: template<class _Tp> bool std::operator==(const std::complex<_Tp>&, const std::complex<_Tp>&)
     operator==(const complex<_Tp>& __x, const complex<_Tp>& __y)
[01;32m[K     ^[m[K
[01m[K/usr/include/c++/5/complex:458:5:[m[K [01;36m[Knote: [m[K  template argument deduction/substitution failed:
In file included from [01m[K/usr/include/_G_config.h:15:0[m[K,
                 from [01m[K/usr/include/libio.h:31[m[K,
                 from [01m[K/usr/include/stdio.h:74[m[K,
                 from [01m[K/usr/include/c++/5/cstdio:42[m[K,
                 from [01m[K/opt/ros/kinetic/include/ros/console.h:37[m[K,
                 from [01m[K/opt/ros/kinetic/include/ros/ros.h:40[m[K,
                 from [01m[K/home/anton/catkin_ws/src/mybot_ws/src/mybot_control/src/coll_avoid.cpp:1[m[K:
[01m[K/home/anton/catkin_ws/src/mybot_ws/src/mybot_control/src/coll_avoid.cpp:10:20:[m[K [01;36m[Knote: [m[K  ‘[01m[Kconst _ranges_type {aka const std::vector<float>}[m[K’ is not derived from ‘[01m[Kconst std::complex<_Tp>[m[K’
  if(msg->ranges == NULL){
[01;32m[K                    ^[m[K
In file included from [01m[K/usr/include/c++/5/bits/locale_facets.h:48:0[m[K,
                 from [01m[K/usr/include/c++/5/bits/basic_ios.h:37[m[K,
                 from [01m[K/usr/include/c++/5/ios:44[m[K,
                 from [01m[K/usr/include/c++/5/ostream:38[m[K,
                 from [01m[K/usr/include/c++/5/iostream:39[m[K,
                 from [01m[K/opt/ros/kinetic/include/ros/time.h:54[m[K,
                 from [01m[K/opt/ros/kinetic/include/ros/ros.h:38[m[K,
                 from [01m[K/home/anton/catkin_ws/src/mybot_ws/src/mybot_control/src/coll_avoid.cpp:1[m[K:
[01m[K/usr/include/c++/5/bits/streambuf_iterator.h:204:5:[m[K [01;36m[Knote: [m[Kcandidate: template<class _CharT, class _Traits> bool std::operator==(const std::istreambuf_iterator<_CharT, _Traits>&, const std::istreambuf_iterator<_CharT, _Traits>&)
     operator==(const istreambuf_iterator<_CharT, _Traits>& __a,
[01;32m[K     ^[m[K
[01m[K/usr/include/c++/5/bits/streambuf_iterator.h:204:5:[m[K [01;36m[Knote: [m[K  template argument deduction/substitution failed:
In file included from [01m[K/usr/include/_G_config.h:15:0[m[K,
                 from [01m[K/usr/include/libio.h:31[m[K,
                 from [01m[K/usr/include/stdio.h:74[m[K,
                 from [01m[K/usr/include/c++/5/cstdio:42[m[K,
                 from [01m[K/opt/ros/kinetic/include/ros/console.h:37[m[K,
                 from [01m[K/opt/ros/kinetic/include/ros/ros.h:40[m[K,
                 from [01m[K/home/anton/catkin_ws/src/mybot_ws/src/mybot_control/src/coll_avoid.cpp:1[m[K:
[01m[K/home/anton/catkin_ws/src/mybot_ws/src/mybot_control/src/coll_avoid.cpp:10:20:[m[K [01;36m[Knote: [m[K  ‘[01m[Kconst _ranges_type {aka const std::vector<float>}[m[K’ is not derived from ‘[01m[Kconst std::istreambuf_iterator<_CharT, _Traits>[m[K’
  if(msg->ranges == NULL){
[01;32m[K                    ^[m[K
In file included from [01m[K/usr/include/c++/5/string:52:0[m[K,
                 from [01m[K/opt/ros/kinetic/include/ros/platform.h:55[m[K,
                 from [01m[K/opt/ros/kinetic/include/ros/time.h:53[m[K,
                 from [01m[K/opt/ros/kinetic/include/ros/ros.h:38[m[K,
                 from [01m[K/home/anton/catkin_ws/src/mybot_ws/src/mybot_control/src/coll_avoid.cpp:1[m[K:
[01m[K/usr/include/c++/5/bits/basic_string.h:4937:5:[m[K [01;36m[Knote: [m[Kcandidate: template<class _CharT, class _Traits, class _Alloc> bool std::operator==(const std::__cxx11::basic_string<_CharT, _Traits, _Alloc>&, const _CharT*)
     operator==(const basic_string<_CharT, _Traits, _Alloc>& __lhs,
[01;32m[K     ^[m[K
[01m[K/usr/include/c++/5/bits/basic_string.h:4937:5:[m[K [01;36m[Knote: [m[K  template argument deduction/substitution failed:
In file included from [01m[K/usr/include/_G_config.h:15:0[m[K,
                 from [01m[K/usr/include/libio.h:31[m[K,
                 from [01m[K/usr/include/stdio.h:74[m[K,
                 from [01m[K/usr/include/c++/5/cstdio:42[m[K,
                 from [01m[K/opt/ros/kinetic/include/ros/console.h:37[m[K,
                 from [01m[K/opt/ros/kinetic/include/ros/ros.h:40[m[K,
                 from [01m[K/home/anton/catkin_ws/src/mybot_ws/src/mybot_control/src/coll_avoid.cpp:1[m[K:
[01m[K/home/anton/catkin_ws/src/mybot_ws/src/mybot_control/src/coll_avoid.cpp:10:20:[m[K [01;36m[Knote: [m[K  ‘[01m[Kconst _ranges_type {aka const std::vector<float>}[m[K’ is not derived from ‘[01m[Kconst std::__cxx11::basic_string<_CharT, _Traits, _Alloc>[m[K’
  if(msg->ranges == NULL){
[01;32m[K                    ^[m[K
In file included from [01m[K/usr/include/c++/5/string:52:0[m[K,
                 from [01m[K/opt/ros/kinetic/include/ros/platform.h:55[m[K,
                 from [01m[K/opt/ros/kinetic/include/ros/time.h:53[m[K,
                 from [01m[K/opt/ros/kinetic/include/ros/ros.h:38[m[K,
                 from [01m[K/home/anton/catkin_ws/src/mybot_ws/src/mybot_control/src/coll_avoid.cpp:1[m[K:
[01m[K/usr/include/c++/5/bits/basic_string.h:4925:5:[m[K [01;36m[Knote: [m[Kcandidate: template<class _CharT, class _Traits, class _Alloc> bool std::operator==(const _CharT*, const std::__cxx11::basic_string<_CharT, _Traits, _Alloc>&)
     operator==(const _CharT* __lhs,
[01;32m[K     ^[m[K
[01m[K/usr/include/c++/5/bits/basic_string.h:4925:5:[m[K [01;36m[Knote: [m[K  template argument deduction/substitution failed:
In file included from [01m[K/usr/include/_G_config.h:15:0[m[K,
                 from [01m[K/usr/include/libio.h:31[m[K,
                 from [01m[K/usr/include/stdio.h:74[m[K,
                 from [01m[K/usr/include/c++/5/cstdio:42[m[K,
                 from [01m[K/opt/ros/kinetic/include/ros/console.h:37[m[K,
                 from [01m[K/opt/ros/kinetic/include/ros/ros.h:40[m[K,
                 from [01m[K/home/anton/catkin_ws/src/mybot_ws/src/mybot_control/src/coll_avoid.cpp:1[m[K:
[01m[K/home/anton/catkin_ws/src/mybot_ws/src/mybot_control/src/coll_avoid.cpp:10:20:[m[K [01;36m[Knote: [m[K  mismatched types ‘[01m[Kconst _CharT*[m[K’ and ‘[01m[Kstd::vector<float>[m[K’
  if(msg->ranges == NULL){
[01;32m[K                    ^[m[K
In file included from [01m[K/usr/include/c++/5/string:52:0[m[K,
                 from [01m[K/opt/ros/kinetic/include/ros/platform.h:55[m[K,
                 from [01m[K/opt/ros/kinetic/include/ros/time.h:53[m[K,
                 from [01m[K/opt/ros/kinetic/include/ros/ros.h:38[m[K,
                 from [01m[K/home/anton/catkin_ws/src/mybot_ws/src/mybot_control/src/coll_avoid.cpp:1[m[K:
[01m[K/usr/include/c++/5/bits/basic_string.h:4911:5:[m[K [01;36m[Knote: [m[Kcandidate: template<class _CharT> typename __gnu_cxx::__enable_if<std::__is_char<_Tp>::__value, bool>::__type std::operator==(const std::__cxx11::basic_string<_CharT>&, const std::__cxx11::basic_string<_CharT>&)
     operator==(const basic_string<_CharT>& __lhs,
[01;32m[K     ^[m[K
[01m[K/usr/include/c++/5/bits/basic_string.h:4911:5:[m[K [01;36m[Knote: [m[K  template argument deduction/substitution failed:
In file included from [01m[K/usr/include/_G_config.h:15:0[m[K,
                 from [01m[K/usr/include/libio.h:31[m[K,
                 from [01m[K/usr/include/stdio.h:74[m[K,
                 from [01m[K/usr/include/c++/5/cstdio:42[m[K,
                 from [01m[K/opt/ros/kinetic/include/ros/console.h:37[m[K,
                 from [01m[K/opt/ros/kinetic/include/ros/ros.h:40[m[K,
                 from [01m[K/home/anton/catkin_ws/src/mybot_ws/src/mybot_control/src/coll_avoid.cpp:1[m[K:
[01m[K/home/anton/catkin_ws/src/mybot_ws/src/mybot_control/src/coll_avoid.cpp:10:20:[m[K [01;36m[Knote: [m[K  ‘[01m[Kconst _ranges_type {aka const std::vector<float>}[m[K’ is not derived from ‘[01m[Kconst std::__cxx11::basic_string<_CharT>[m[K’
  if(msg->ranges == NULL){
[01;32m[K                    ^[m[K
In file included from [01m[K/usr/include/c++/5/string:52:0[m[K,
                 from [01m[K/opt/ros/kinetic/include/ros/platform.h:55[m[K,
                 from [01m[K/opt/ros/kinetic/include/ros/time.h:53[m[K,
                 from [01m[K/opt/ros/kinetic/include/ros/ros.h:38[m[K,
                 from [01m[K/home/anton/catkin_ws/src/mybot_ws/src/mybot_control/src/coll_avoid.cpp:1[m[K:
[01m[K/usr/include/c++/5/bits/basic_string.h:4904:5:[m[K [01;36m[Knote: [m[Kcandidate: template<class _CharT, class _Traits, class _Alloc> bool std::operator==(const std::__cxx11::basic_string<_CharT, _Traits, _Alloc>&, const std::__cxx11::basic_string<_CharT, _Traits, _Alloc>&)
     operator==(const basic_string<_CharT, _Traits, _Alloc>& __lhs,
[01;32m[K     ^[m[K
[01m[K/usr/include/c++/5/bits/basic_string.h:4904:5:[m[K [01;36m[Knote: [m[K  template argument deduction/substitution failed:
In file included from [01m[K/usr/include/_G_config.h:15:0[m[K,
                 from [01m[K/usr/include/libio.h:31[m[K,
                 from [01m[K/usr/include/stdio.h:74[m[K,
                 from [01m[K/usr/include/c++/5/cstdio:42[m[K,
                 from [01m[K/opt/ros/kinetic/include/ros/console.h:37[m[K,
                 from [01m[K/opt/ros/kinetic/include/ros/ros.h:40[m[K,
                 from [01m[K/home/anton/catkin_ws/src/mybot_ws/src/mybot_control/src/coll_avoid.cpp:1[m[K:
[01m[K/home/anton/catkin_ws/src/mybot_ws/src/mybot_control/src/coll_avoid.cpp:10:20:[m[K [01;36m[Knote: [m[K  ‘[01m[Kconst _ranges_type {aka const std::vector<float>}[m[K’ is not derived from ‘[01m[Kconst std::__cxx11::basic_string<_CharT, _Traits, _Alloc>[m[K’
  if(msg->ranges == NULL){
[01;32m[K                    ^[m[K
In file included from [01m[K/usr/include/c++/5/string:41:0[m[K,
                 from [01m[K/opt/ros/kinetic/include/ros/platform.h:55[m[K,
                 from [01m[K/opt/ros/kinetic/include/ros/time.h:53[m[K,
                 from [01m[K/opt/ros/kinetic/include/ros/ros.h:38[m[K,
                 from [01m[K/home/anton/catkin_ws/src/mybot_ws/src/mybot_control/src/coll_avoid.cpp:1[m[K:
[01m[K/usr/include/c++/5/bits/allocator.h:134:5:[m[K [01;36m[Knote: [m[Kcandidate: template<class _Tp> bool std::operator==(const std::allocator<_CharT>&, const std::allocator<_CharT>&)
     operator==(const allocator<_Tp>&, const allocator<_Tp>&)
[01;32m[K     ^[m[K
[01m[K/usr/include/c++/5/bits/allocator.h:134:5:[m[K [01;36m[Knote: [m[K  template argument deduction/substitution failed:
In file included from [01m[K/usr/include/_G_config.h:15:0[m[K,
                 from [01m[K/usr/include/libio.h:31[m[K,
                 from [01m[K/usr/include/stdio.h:74[m[K,
                 from [01m[K/usr/include/c++/5/cstdio:42[m[K,
                 from [01m[K/opt/ros/kinetic/include/ros/console.h:37[m[K,
                 from [01m[K/opt/ros/kinetic/include/ros/ros.h:40[m[K,
                 from [01m[K/home/anton/catkin_ws/src/mybot_ws/src/mybot_control/src/coll_avoid.cpp:1[m[K:
[01m[K/home/anton/catkin_ws/src/mybot_ws/src/mybot_control/src/coll_avoid.cpp:10:20:[m[K [01;36m[Knote: [m[K  ‘[01m[Kconst _ranges_type {aka const std::vector<float>}[m[K’ is not derived from ‘[01m[Kconst std::allocator<_CharT>[m[K’
  if(msg->ranges == NULL){
[01;32m[K                    ^[m[K
In file included from [01m[K/usr/include/c++/5/string:41:0[m[K,
                 from [01m[K/opt/ros/kinetic/include/ros/platform.h:55[m[K,
                 from [01m[K/opt/ros/kinetic/include/ros/time.h:53[m[K,
                 from [01m[K/opt/ros/kinetic/include/ros/ros.h:38[m[K,
                 from [01m[K/home/anton/catkin_ws/src/mybot_ws/src/mybot_control/src/coll_avoid.cpp:1[m[K:
[01m[K/usr/include/c++/5/bits/allocator.h:128:5:[m[K [01;36m[Knote: [m[Kcandidate: template<class _T1, class _T2> bool std::operator==(const std::allocator<_CharT>&, const std::allocator<_T2>&)
     operator==(const allocator<_T1>&, const allocator<_T2>&)
[01;32m[K     ^[m[K
[01m[K/usr/include/c++/5/bits/allocator.h:128:5:[m[K [01;36m[Knote: [m[K  template argument deduction/substitution failed:
In file included from [01m[K/usr/include/_G_config.h:15:0[m[K,
                 from [01m[K/usr/include/libio.h:31[m[K,
                 from [01m[K/usr/include/stdio.h:74[m[K,
                 from [01m[K/usr/include/c++/5/cstdio:42[m[K,
                 from [01m[K/opt/ros/kinetic/include/ros/console.h:37[m[K,
                 from [01m[K/opt/ros/kinetic/include/ros/ros.h:40[m[K,
                 from [01m[K/home/anton/catkin_ws/src/mybot_ws/src/mybot_control/src/coll_avoid.cpp:1[m[K:
[01m[K/home/anton/catkin_ws/src/mybot_ws/src/mybot_control/src/coll_avoid.cpp:10:20:[m[K [01;36m[Knote: [m[K  ‘[01m[Kconst _ranges_type {aka const std::vector<float>}[m[K’ is not derived from ‘[01m[Kconst std::allocator<_CharT>[m[K’
  if(msg->ranges == NULL){
[01;32m[K                    ^[m[K
In file included from [01m[K/usr/include/c++/5/bits/char_traits.h:40:0[m[K,
                 from [01m[K/usr/include/c++/5/string:40[m[K,
                 from [01m[K/opt/ros/kinetic/include/ros/platform.h:55[m[K,
                 from [01m[K/opt/ros/kinetic/include/ros/time.h:53[m[K,
                 from [01m[K/opt/ros/kinetic/include/ros/ros.h:38[m[K,
                 from [01m[K/home/anton/catkin_ws/src/mybot_ws/src/mybot_control/src/coll_avoid.cpp:1[m[K:
[01m[K/usr/include/c++/5/bits/postypes.h:216:5:[m[K [01;36m[Knote: [m[Kcandidate: template<class _StateT> bool std::operator==(const std::fpos<_StateT>&, const std::fpos<_StateT>&)
     operator==(const fpos<_StateT>& __lhs, const fpos<_StateT>& __rhs)
[01;32m[K     ^[m[K
[01m[K/usr/include/c++/5/bits/postypes.h:216:5:[m[K [01;36m[Knote: [m[K  template argument deduction/substitution failed:
In file included from [01m[K/usr/include/_G_config.h:15:0[m[K,
                 from [01m[K/usr/include/libio.h:31[m[K,
                 from [01m[K/usr/include/stdio.h:74[m[K,
                 from [01m[K/usr/include/c++/5/cstdio:42[m[K,
                 from [01m[K/opt/ros/kinetic/include/ros/console.h:37[m[K,
                 from [01m[K/opt/ros/kinetic/include/ros/ros.h:40[m[K,
                 from [01m[K/home/anton/catkin_ws/src/mybot_ws/src/mybot_control/src/coll_avoid.cpp:1[m[K:
[01m[K/home/anton/catkin_ws/src/mybot_ws/src/mybot_control/src/coll_avoid.cpp:10:20:[m[K [01;36m[Knote: [m[K  ‘[01m[Kconst _ranges_type {aka const std::vector<float>}[m[K’ is not derived from ‘[01m[Kconst std::fpos<_StateT>[m[K’
  if(msg->ranges == NULL){
[01;32m[K                    ^[m[K
In file included from [01m[K/usr/include/c++/5/bits/stl_algobase.h:67:0[m[K,
                 from [01m[K/usr/include/c++/5/bits/char_traits.h:39[m[K,
                 from [01m[K/usr/include/c++/5/string:40[m[K,
                 from [01m[K/opt/ros/kinetic/include/ros/platform.h:55[m[K,
                 from [01m[K/opt/ros/kinetic/include/ros/time.h:53[m[K,
                 from [01m[K/opt/ros/kinetic/include/ros/ros.h:38[m[K,
                 from [01m[K/home/anton/catkin_ws/src/mybot_ws/src/mybot_control/src/coll_avoid.cpp:1[m[K:
[01m[K/usr/include/c++/5/bits/stl_iterator.h:342:5:[m[K [01;36m[Knote: [m[Kcandidate: template<class _IteratorL, class _IteratorR> bool std::operator==(const std::reverse_iterator<_Iterator>&, const std::reverse_iterator<_IteratorR>&)
     operator==(const reverse_iterator<_IteratorL>& __x,
[01;32m[K     ^[m[K
[01m[K/usr/include/c++/5/bits/stl_iterator.h:342:5:[m[K [01;36m[Knote: [m[K  template argument deduction/substitution failed:
In file included from [01m[K/usr/include/_G_config.h:15:0[m[K,
                 from [01m[K/usr/include/libio.h:31[m[K,
                 from [01m[K/usr/include/stdio.h:74[m[K,
                 from [01m[K/usr/include/c++/5/cstdio:42[m[K,
                 from [01m[K/opt/ros/kinetic/include/ros/console.h:37[m[K,
                 from [01m[K/opt/ros/kinetic/include/ros/ros.h:40[m[K,
                 from [01m[K/home/anton/catkin_ws/src/mybot_ws/src/mybot_control/src/coll_avoid.cpp:1[m[K:
[01m[K/home/anton/catkin_ws/src/mybot_ws/src/mybot_control/src/coll_avoid.cpp:10:20:[m[K [01;36m[Knote: [m[K  ‘[01m[Kconst _ranges_type {aka const std::vector<float>}[m[K’ is not derived from ‘[01m[Kconst std::reverse_iterator<_Iterator>[m[K’
  if(msg->ranges == NULL){
[01;32m[K                    ^[m[K
In file included from [01m[K/usr/include/c++/5/bits/stl_algobase.h:67:0[m[K,
                 from [01m[K/usr/include/c++/5/bits/char_traits.h:39[m[K,
                 from [01m[K/usr/include/c++/5/string:40[m[K,
                 from [01m[K/opt/ros/kinetic/include/ros/platform.h:55[m[K,
                 from [01m[K/opt/ros/kinetic/include/ros/time.h:53[m[K,
                 from [01m[K/opt/ros/kinetic/include/ros/ros.h:38[m[K,
                 from [01m[K/home/anton/catkin_ws/src/mybot_ws/src/mybot_control/src/coll_avoid.cpp:1[m[K:
[01m[K/usr/include/c++/5/bits/stl_iterator.h:292:5:[m[K [01;36m[Knote: [m[Kcandidate: template<class _Iterator> bool std::operator==(const std::reverse_iterator<_Iterator>&, const std::reverse_iterator<_Iterator>&)
     operator==(const reverse_iterator<_Iterator>& __x,
[01;32m[K     ^[m[K
[01m[K/usr/include/c++/5/bits/stl_iterator.h:292:5:[m[K [01;36m[Knote: [m[K  template argument deduction/substitution failed:
In file included from [01m[K/usr/include/_G_config.h:15:0[m[K,
                 from [01m[K/usr/include/libio.h:31[m[K,
                 from [01m[K/usr/include/stdio.h:74[m[K,
                 from [01m[K/usr/include/c++/5/cstdio:42[m[K,
                 from [01m[K/opt/ros/kinetic/include/ros/console.h:37[m[K,
                 from [01m[K/opt/ros/kinetic/include/ros/ros.h:40[m[K,
                 from [01m[K/home/anton/catkin_ws/src/mybot_ws/src/mybot_control/src/coll_avoid.cpp:1[m[K:
[01m[K/home/anton/catkin_ws/src/mybot_ws/src/mybot_control/src/coll_avoid.cpp:10:20:[m[K [01;36m[Knote: [m[K  ‘[01m[Kconst _ranges_type {aka const std::vector<float>}[m[K’ is not derived from ‘[01m[Kconst std::reverse_iterator<_Iterator>[m[K’
  if(msg->ranges == NULL){
[01;32m[K                    ^[m[K
In file included from [01m[K/usr/include/c++/5/bits/stl_algobase.h:64:0[m[K,
                 from [01m[K/usr/include/c++/5/bits/char_traits.h:39[m[K,
                 from [01m[K/usr/include/c++/5/string:40[m[K,
                 from [01m[K/opt/ros/kinetic/include/ros/platform.h:55[m[K,
                 from [01m[K/opt/ros/kinetic/include/ros/time.h:53[m[K,
                 from [01m[K/opt/ros/kinetic/include/ros/ros.h:38[m[K,
                 from [01m[K/home/anton/catkin_ws/src/mybot_ws/src/mybot_control/src/coll_avoid.cpp:1[m[K:
[01m[K/usr/include/c++/5/bits/stl_pair.h:214:5:[m[K [01;36m[Knote: [m[Kcandidate: template<class _T1, class _T2> bool std::operator==(const std::pair<_T1, _T2>&, const std::pair<_T1, _T2>&)
     operator==(const pair<_T1, _T2>& __x, const pair<_T1, _T2>& __y)
[01;32m[K     ^[m[K
[01m[K/usr/include/c++/5/bits/stl_pair.h:214:5:[m[K [01;36m[Knote: [m[K  template argument deduction/substitution failed:
In file included from [01m[K/usr/include/_G_config.h:15:0[m[K,
                 from [01m[K/usr/include/libio.h:31[m[K,
                 from [01m[K/usr/include/stdio.h:74[m[K,
                 from [01m[K/usr/include/c++/5/cstdio:42[m[K,
                 from [01m[K/opt/ros/kinetic/include/ros/console.h:37[m[K,
                 from [01m[K/opt/ros/kinetic/include/ros/ros.h:40[m[K,
                 from [01m[K/home/anton/catkin_ws/src/mybot_ws/src/mybot_control/src/coll_avoid.cpp:1[m[K:
[01m[K/home/anton/catkin_ws/src/mybot_ws/src/mybot_control/src/coll_avoid.cpp:10:20:[m[K [01;36m[Knote: [m[K  ‘[01m[Kconst _ranges_type {aka const std::vector<float>}[m[K’ is not derived from ‘[01m[Kconst std::pair<_T1, _T2>[m[K’
  if(msg->ranges == NULL){
[01;32m[K                    ^[m[K
In file included from [01m[K/usr/include/x86_64-linux-gnu/c++/5/bits/c++allocator.h:33:0[m[K,
                 from [01m[K/usr/include/c++/5/bits/allocator.h:46[m[K,
                 from [01m[K/usr/include/c++/5/string:41[m[K,
                 from [01m[K/opt/ros/kinetic/include/ros/platform.h:55[m[K,
                 from [01m[K/opt/ros/kinetic/include/ros/time.h:53[m[K,
                 from [01m[K/opt/ros/kinetic/include/ros/ros.h:38[m[K,
                 from [01m[K/home/anton/catkin_ws/src/mybot_ws/src/mybot_control/src/coll_avoid.cpp:1[m[K:
[01m[K/usr/include/c++/5/ext/new_allocator.h:139:5:[m[K [01;36m[Knote: [m[Kcandidate: template<class _Tp> bool __gnu_cxx::operator==(const __gnu_cxx::new_allocator<_Tp>&, const __gnu_cxx::new_allocator<_Tp>&)
     operator==(const new_allocator<_Tp>&, const new_allocator<_Tp>&)
[01;32m[K     ^[m[K
[01m[K/usr/include/c++/5/ext/new_allocator.h:139:5:[m[K [01;36m[Knote: [m[K  template argument deduction/substitution failed:
In file included from [01m[K/usr/include/_G_config.h:15:0[m[K,
                 from [01m[K/usr/include/libio.h:31[m[K,
                 from [01m[K/usr/include/stdio.h:74[m[K,
                 from [01m[K/usr/include/c++/5/cstdio:42[m[K,
                 from [01m[K/opt/ros/kinetic/include/ros/console.h:37[m[K,
                 from [01m[K/opt/ros/kinetic/include/ros/ros.h:40[m[K,
                 from [01m[K/home/anton/catkin_ws/src/mybot_ws/src/mybot_control/src/coll_avoid.cpp:1[m[K:
[01m[K/home/anton/catkin_ws/src/mybot_ws/src/mybot_control/src/coll_avoid.cpp:10:20:[m[K [01;36m[Knote: [m[K  ‘[01m[Kconst _ranges_type {aka const std::vector<float>}[m[K’ is not derived from ‘[01m[Kconst __gnu_cxx::new_allocator<_Tp>[m[K’
  if(msg->ranges == NULL){
[01;32m[K                    ^[m[K
In file included from [01m[K/usr/include/c++/5/bits/stl_algobase.h:67:0[m[K,
                 from [01m[K/usr/include/c++/5/bits/char_traits.h:39[m[K,
                 from [01m[K/usr/include/c++/5/string:40[m[K,
                 from [01m[K/opt/ros/kinetic/include/ros/platform.h:55[m[K,
                 from [01m[K/opt/ros/kinetic/include/ros/time.h:53[m[K,
                 from [01m[K/opt/ros/kinetic/include/ros/ros.h:38[m[K,
                 from [01m[K/home/anton/catkin_ws/src/mybot_ws/src/mybot_control/src/coll_avoid.cpp:1[m[K:
[01m[K/usr/include/c++/5/bits/stl_iterator.h:827:5:[m[K [01;36m[Knote: [m[Kcandidate: template<class _Iterator, class _Container> bool __gnu_cxx::operator==(const __gnu_cxx::__normal_iterator<_Iterator, _Container>&, const __gnu_cxx::__normal_iterator<_Iterator, _Container>&)
     operator==(const __normal_iterator<_Iterator, _Container>& __lhs,
[01;32m[K     ^[m[K
[01m[K/usr/include/c++/5/bits/stl_iterator.h:827:5:[m[K [01;36m[Knote: [m[K  template argument deduction/substitution failed:
In file included from [01m[K/usr/include/_G_config.h:15:0[m[K,
                 from [01m[K/usr/include/libio.h:31[m[K,
                 from [01m[K/usr/include/stdio.h:74[m[K,
                 from [01m[K/usr/include/c++/5/cstdio:42[m[K,
                 from [01m[K/opt/ros/kinetic/include/ros/console.h:37[m[K,
                 from [01m[K/opt/ros/kinetic/include/ros/ros.h:40[m[K,
                 from [01m[K/home/anton/catkin_ws/src/mybot_ws/src/mybot_control/src/coll_avoid.cpp:1[m[K:
[01m[K/home/anton/catkin_ws/src/mybot_ws/src/mybot_control/src/coll_avoid.cpp:10:20:[m[K [01;36m[Knote: [m[K  ‘[01m[Kconst _ranges_type {aka const std::vector<float>}[m[K’ is not derived from ‘[01m[Kconst __gnu_cxx::__normal_iterator<_Iterator, _Container>[m[K’
  if(msg->ranges == NULL){
[01;32m[K                    ^[m[K
In file included from [01m[K/usr/include/c++/5/bits/stl_algobase.h:67:0[m[K,
                 from [01m[K/usr/include/c++/5/bits/char_traits.h:39[m[K,
                 from [01m[K/usr/include/c++/5/string:40[m[K,
                 from [01m[K/opt/ros/kinetic/include/ros/platform.h:55[m[K,
                 from [01m[K/opt/ros/kinetic/include/ros/time.h:53[m[K,
                 from [01m[K/opt/ros/kinetic/include/ros/ros.h:38[m[K,
                 from [01m[K/home/anton/catkin_ws/src/mybot_ws/src/mybot_control/src/coll_avoid.cpp:1[m[K:
[01m[K/usr/include/c++/5/bits/stl_iterator.h:820:5:[m[K [01;36m[Knote: [m[Kcandidate: template<class _IteratorL, class _IteratorR, class _Container> bool __gnu_cxx::operator==(const __gnu_cxx::__normal_iterator<_IteratorL, _Container>&, const __gnu_cxx::__normal_iterator<_IteratorR, _Container>&)
     operator==(const __normal_iterator<_IteratorL, _Container>& __lhs,
[01;32m[K     ^[m[K
[01m[K/usr/include/c++/5/bits/stl_iterator.h:820:5:[m[K [01;36m[Knote: [m[K  template argument deduction/substitution failed:
In file included from [01m[K/usr/include/_G_config.h:15:0[m[K,
                 from [01m[K/usr/include/libio.h:31[m[K,
                 from [01m[K/usr/include/stdio.h:74[m[K,
                 from [01m[K/usr/include/c++/5/cstdio:42[m[K,
                 from [01m[K/opt/ros/kinetic/include/ros/console.h:37[m[K,
                 from [01m[K/opt/ros/kinetic/include/ros/ros.h:40[m[K,
                 from [01m[K/home/anton/catkin_ws/src/mybot_ws/src/mybot_control/src/coll_avoid.cpp:1[m[K:
[01m[K/home/anton/catkin_ws/src/mybot_ws/src/mybot_control/src/coll_avoid.cpp:10:20:[m[K [01;36m[Knote: [m[K  ‘[01m[Kconst _ranges_type {aka const std::vector<float>}[m[K’ is not derived from ‘[01m[Kconst __gnu_cxx::__normal_iterator<_IteratorL, _Container>[m[K’
  if(msg->ranges == NULL){
[01;32m[K                    ^[m[K
make[2]: *** [CMakeFiles/coll_avoid.dir/src/coll_avoid.cpp.o] Ошибка 1
make[1]: *** [CMakeFiles/coll_avoid.dir/all] Ошибка 2
make: *** [all] Ошибка 2
